<?xml version="1.0" encoding="UTF-8"?>
<testsuite name="RunnerTags" tests="1" skipped="0" failures="0" errors="0" timestamp="2024-01-05T22:27:18" hostname="JAVIER-DURAN" time="9.049">
  <properties/>
  <testcase name="testParallel()" classname="RunnerTags" time="9.049"/>
  <system-out><![CDATA[17:27:18.099 [Test worker] INFO com.intuit.karate.Runner - karate.env is: 'dev-corr'
17:27:19.112 [Test worker] DEBUG com.intuit.karate.Suite - [config] classpath:karate-config.js
17:27:19.125 [Test worker] INFO com.intuit.karate.Suite - backed up existing 'build\karate-reports' dir to: build\karate-reports_1704493639124
17:27:20.534 [pool-1-thread-1] INFO com.intuit.karate - karate.env system property was: dev-corr 
17:27:20.546 [pool-1-thread-1] INFO com.intuit.karate - >> lock acquired, begin callSingle: classpath:helper/CrearToken.feature
17:27:20.664 [pool-1-thread-1] DEBUG karate.io.netty.util.internal.logging.InternalLoggerFactory - Using SLF4J as the default logging framework
17:27:20.669 [pool-1-thread-1] DEBUG karate.io.netty.util.internal.PlatformDependent0 - -Dio.netty.noUnsafe: false
17:27:20.670 [pool-1-thread-1] DEBUG karate.io.netty.util.internal.PlatformDependent0 - Java version: 17
17:27:20.672 [pool-1-thread-1] DEBUG karate.io.netty.util.internal.PlatformDependent0 - sun.misc.Unsafe.theUnsafe: available
17:27:20.673 [pool-1-thread-1] DEBUG karate.io.netty.util.internal.PlatformDependent0 - sun.misc.Unsafe.copyMemory: available
17:27:20.674 [pool-1-thread-1] DEBUG karate.io.netty.util.internal.PlatformDependent0 - java.nio.Buffer.address: available
17:27:20.675 [pool-1-thread-1] DEBUG karate.io.netty.util.internal.PlatformDependent0 - direct buffer constructor: unavailable: Reflective setAccessible(true) disabled
17:27:20.676 [pool-1-thread-1] DEBUG karate.io.netty.util.internal.PlatformDependent0 - java.nio.Bits.unaligned: available, true
17:27:20.678 [pool-1-thread-1] DEBUG karate.io.netty.util.internal.PlatformDependent0 - jdk.internal.misc.Unsafe.allocateUninitializedArray(int): unavailable: class karate.io.netty.util.internal.PlatformDependent0$6 cannot access class jdk.internal.misc.Unsafe (in module java.base) because module java.base does not export jdk.internal.misc to unnamed module @59af0466
17:27:20.682 [pool-1-thread-1] DEBUG karate.io.netty.util.internal.PlatformDependent0 - java.nio.DirectByteBuffer.<init>(long, int): unavailable
17:27:20.683 [pool-1-thread-1] DEBUG karate.io.netty.util.internal.PlatformDependent - sun.misc.Unsafe: available
17:27:20.686 [pool-1-thread-1] DEBUG karate.io.netty.util.internal.PlatformDependent - maxDirectMemory: 536870912 bytes (maybe)
17:27:20.692 [pool-1-thread-1] DEBUG karate.io.netty.util.internal.PlatformDependent - -Dio.netty.tmpdir: C:\Users\JAVIER~1.DUR\AppData\Local\Temp (java.io.tmpdir)
17:27:20.693 [pool-1-thread-1] DEBUG karate.io.netty.util.internal.PlatformDependent - -Dio.netty.bitMode: 64 (sun.arch.data.model)
17:27:20.694 [pool-1-thread-1] DEBUG karate.io.netty.util.internal.PlatformDependent - Platform: Windows
17:27:20.695 [pool-1-thread-1] DEBUG karate.io.netty.util.internal.PlatformDependent - -Dio.netty.maxDirectMemory: -1 bytes
17:27:20.696 [pool-1-thread-1] DEBUG karate.io.netty.util.internal.PlatformDependent - -Dio.netty.uninitializedArrayAllocationThreshold: -1
17:27:20.698 [pool-1-thread-1] DEBUG karate.io.netty.util.internal.CleanerJava9 - java.nio.ByteBuffer.cleaner(): available
17:27:20.698 [pool-1-thread-1] DEBUG karate.io.netty.util.internal.PlatformDependent - -Dio.netty.noPreferDirect: false
17:27:21.036 [pool-1-thread-1] DEBUG karate.org.apache.http.client.protocol.RequestAddCookies - CookieSpec selected: karate
17:27:21.047 [pool-1-thread-1] DEBUG karate.org.apache.http.client.protocol.RequestAuthCache - Auth cache not set in the context
17:27:21.053 [pool-1-thread-1] DEBUG com.intuit.karate - request:
1 > POST https://voucherdigitalclouddevcorr.auth.us-east-1.amazoncognito.com/oauth2/token
1 > Content-Type: application/x-www-form-urlencoded; charset=UTF-8
1 > Authorization: Basic NnRic2tjNGVsdWlxZHB1cHNqbXE0cjk4bGw6MW5uNjVnOXA1bHY5cnZubHYwdTljNm52cnMzM2hramluNWVrNDNyNTJyYmcwaDhxdmhjMQ==
1 > Content-Length: 55
1 > Host: voucherdigitalclouddevcorr.auth.us-east-1.amazoncognito.com
1 > Connection: Keep-Alive
1 > User-Agent: Apache-HttpClient/4.5.13 (Java/17.0.5)
1 > Accept-Encoding: gzip,deflate
grant_type=client_credentials&Scope=consumers%2Ffabrica

17:27:21.056 [pool-1-thread-1] DEBUG karate.org.apache.http.impl.conn.PoolingHttpClientConnectionManager - Connection request: [route: {s}->https://voucherdigitalclouddevcorr.auth.us-east-1.amazoncognito.com:443][total available: 0; route allocated: 0 of 5; total allocated: 0 of 10]
17:27:21.071 [pool-1-thread-1] DEBUG karate.org.apache.http.impl.conn.PoolingHttpClientConnectionManager - Connection leased: [id: 0][route: {s}->https://voucherdigitalclouddevcorr.auth.us-east-1.amazoncognito.com:443][total available: 0; route allocated: 1 of 5; total allocated: 1 of 10]
17:27:21.073 [pool-1-thread-1] DEBUG karate.org.apache.http.impl.execchain.MainClientExec - Opening connection {s}->https://voucherdigitalclouddevcorr.auth.us-east-1.amazoncognito.com:443
17:27:21.309 [pool-1-thread-1] DEBUG karate.org.apache.http.impl.conn.DefaultHttpClientConnectionOperator - Connecting to voucherdigitalclouddevcorr.auth.us-east-1.amazoncognito.com/34.200.122.253:443
17:27:21.309 [pool-1-thread-1] DEBUG karate.org.apache.http.conn.ssl.SSLConnectionSocketFactory - Connecting socket to voucherdigitalclouddevcorr.auth.us-east-1.amazoncognito.com/34.200.122.253:443 with timeout 30000
17:27:21.479 [pool-1-thread-1] DEBUG karate.org.apache.http.conn.ssl.SSLConnectionSocketFactory - Enabled protocols: [TLSv1.3, TLSv1.2]
17:27:21.479 [pool-1-thread-1] DEBUG karate.org.apache.http.conn.ssl.SSLConnectionSocketFactory - Enabled cipher suites:[TLS_AES_256_GCM_SHA384, TLS_AES_128_GCM_SHA256, TLS_CHACHA20_POLY1305_SHA256, TLS_ECDHE_ECDSA_WITH_AES_256_GCM_SHA384, TLS_ECDHE_ECDSA_WITH_AES_128_GCM_SHA256, TLS_ECDHE_ECDSA_WITH_CHACHA20_POLY1305_SHA256, TLS_ECDHE_RSA_WITH_AES_256_GCM_SHA384, TLS_ECDHE_RSA_WITH_CHACHA20_POLY1305_SHA256, TLS_ECDHE_RSA_WITH_AES_128_GCM_SHA256, TLS_DHE_RSA_WITH_AES_256_GCM_SHA384, TLS_DHE_RSA_WITH_CHACHA20_POLY1305_SHA256, TLS_DHE_DSS_WITH_AES_256_GCM_SHA384, TLS_DHE_RSA_WITH_AES_128_GCM_SHA256, TLS_DHE_DSS_WITH_AES_128_GCM_SHA256, TLS_ECDHE_ECDSA_WITH_AES_256_CBC_SHA384, TLS_ECDHE_RSA_WITH_AES_256_CBC_SHA384, TLS_ECDHE_ECDSA_WITH_AES_128_CBC_SHA256, TLS_ECDHE_RSA_WITH_AES_128_CBC_SHA256, TLS_DHE_RSA_WITH_AES_256_CBC_SHA256, TLS_DHE_DSS_WITH_AES_256_CBC_SHA256, TLS_DHE_RSA_WITH_AES_128_CBC_SHA256, TLS_DHE_DSS_WITH_AES_128_CBC_SHA256, TLS_ECDH_ECDSA_WITH_AES_256_GCM_SHA384, TLS_ECDH_RSA_WITH_AES_256_GCM_SHA384, TLS_ECDH_ECDSA_WITH_AES_128_GCM_SHA256, TLS_ECDH_RSA_WITH_AES_128_GCM_SHA256, TLS_ECDH_ECDSA_WITH_AES_256_CBC_SHA384, TLS_ECDH_RSA_WITH_AES_256_CBC_SHA384, TLS_ECDH_ECDSA_WITH_AES_128_CBC_SHA256, TLS_ECDH_RSA_WITH_AES_128_CBC_SHA256, TLS_ECDHE_ECDSA_WITH_AES_256_CBC_SHA, TLS_ECDHE_RSA_WITH_AES_256_CBC_SHA, TLS_ECDHE_ECDSA_WITH_AES_128_CBC_SHA, TLS_ECDHE_RSA_WITH_AES_128_CBC_SHA, TLS_DHE_RSA_WITH_AES_256_CBC_SHA, TLS_DHE_DSS_WITH_AES_256_CBC_SHA, TLS_DHE_RSA_WITH_AES_128_CBC_SHA, TLS_DHE_DSS_WITH_AES_128_CBC_SHA, TLS_ECDH_ECDSA_WITH_AES_256_CBC_SHA, TLS_ECDH_RSA_WITH_AES_256_CBC_SHA, TLS_ECDH_ECDSA_WITH_AES_128_CBC_SHA, TLS_ECDH_RSA_WITH_AES_128_CBC_SHA, TLS_RSA_WITH_AES_256_GCM_SHA384, TLS_RSA_WITH_AES_128_GCM_SHA256, TLS_RSA_WITH_AES_256_CBC_SHA256, TLS_RSA_WITH_AES_128_CBC_SHA256, TLS_RSA_WITH_AES_256_CBC_SHA, TLS_RSA_WITH_AES_128_CBC_SHA, TLS_EMPTY_RENEGOTIATION_INFO_SCSV]
17:27:21.479 [pool-1-thread-1] DEBUG karate.org.apache.http.conn.ssl.SSLConnectionSocketFactory - Starting handshake
17:27:21.782 [pool-1-thread-1] DEBUG karate.org.apache.http.conn.ssl.SSLConnectionSocketFactory - Secure session established
17:27:21.783 [pool-1-thread-1] DEBUG karate.org.apache.http.conn.ssl.SSLConnectionSocketFactory -  negotiated protocol: TLSv1.2
17:27:21.783 [pool-1-thread-1] DEBUG karate.org.apache.http.conn.ssl.SSLConnectionSocketFactory -  negotiated cipher suite: TLS_ECDHE_RSA_WITH_AES_128_GCM_SHA256
17:27:21.783 [pool-1-thread-1] DEBUG karate.org.apache.http.conn.ssl.SSLConnectionSocketFactory -  peer principal: CN=*.auth.us-east-1.amazoncognito.com
17:27:21.784 [pool-1-thread-1] DEBUG karate.org.apache.http.conn.ssl.SSLConnectionSocketFactory -  peer alternative names: [*.auth.us-east-1.amazoncognito.com, auth-fips.us-east-1.amazoncognito.com, *.auth-fips.us-east-1.amazoncognito.com, auth.us-east-1.amazoncognito.com]
17:27:21.784 [pool-1-thread-1] DEBUG karate.org.apache.http.conn.ssl.SSLConnectionSocketFactory -  issuer principal: CN=Amazon RSA 2048 M02, O=Amazon, C=US
17:27:21.799 [pool-1-thread-1] DEBUG karate.org.apache.http.impl.conn.DefaultHttpClientConnectionOperator - Connection established 192.168.1.29:62011<->34.200.122.253:443
17:27:21.799 [pool-1-thread-1] DEBUG karate.org.apache.http.impl.conn.DefaultManagedHttpClientConnection - http-outgoing-0: set socket timeout to 30000
17:27:21.799 [pool-1-thread-1] DEBUG karate.org.apache.http.impl.execchain.MainClientExec - Executing request POST /oauth2/token HTTP/1.1
17:27:21.799 [pool-1-thread-1] DEBUG karate.org.apache.http.impl.execchain.MainClientExec - Proxy auth state: UNCHALLENGED
17:27:21.803 [pool-1-thread-1] DEBUG karate.org.apache.http.headers - http-outgoing-0 >> POST /oauth2/token HTTP/1.1
17:27:21.804 [pool-1-thread-1] DEBUG karate.org.apache.http.headers - http-outgoing-0 >> Content-Type: application/x-www-form-urlencoded; charset=UTF-8
17:27:21.804 [pool-1-thread-1] DEBUG karate.org.apache.http.headers - http-outgoing-0 >> Authorization: Basic NnRic2tjNGVsdWlxZHB1cHNqbXE0cjk4bGw6MW5uNjVnOXA1bHY5cnZubHYwdTljNm52cnMzM2hramluNWVrNDNyNTJyYmcwaDhxdmhjMQ==
17:27:21.804 [pool-1-thread-1] DEBUG karate.org.apache.http.headers - http-outgoing-0 >> Content-Length: 55
17:27:21.804 [pool-1-thread-1] DEBUG karate.org.apache.http.headers - http-outgoing-0 >> Host: voucherdigitalclouddevcorr.auth.us-east-1.amazoncognito.com
17:27:21.804 [pool-1-thread-1] DEBUG karate.org.apache.http.headers - http-outgoing-0 >> Connection: Keep-Alive
17:27:21.805 [pool-1-thread-1] DEBUG karate.org.apache.http.headers - http-outgoing-0 >> User-Agent: Apache-HttpClient/4.5.13 (Java/17.0.5)
17:27:21.805 [pool-1-thread-1] DEBUG karate.org.apache.http.headers - http-outgoing-0 >> Accept-Encoding: gzip,deflate
17:27:21.805 [pool-1-thread-1] DEBUG karate.org.apache.http.wire - http-outgoing-0 >> "POST /oauth2/token HTTP/1.1[\r][\n]"
17:27:21.805 [pool-1-thread-1] DEBUG karate.org.apache.http.wire - http-outgoing-0 >> "Content-Type: application/x-www-form-urlencoded; charset=UTF-8[\r][\n]"
17:27:21.805 [pool-1-thread-1] DEBUG karate.org.apache.http.wire - http-outgoing-0 >> "Authorization: Basic NnRic2tjNGVsdWlxZHB1cHNqbXE0cjk4bGw6MW5uNjVnOXA1bHY5cnZubHYwdTljNm52cnMzM2hramluNWVrNDNyNTJyYmcwaDhxdmhjMQ==[\r][\n]"
17:27:21.806 [pool-1-thread-1] DEBUG karate.org.apache.http.wire - http-outgoing-0 >> "Content-Length: 55[\r][\n]"
17:27:21.806 [pool-1-thread-1] DEBUG karate.org.apache.http.wire - http-outgoing-0 >> "Host: voucherdigitalclouddevcorr.auth.us-east-1.amazoncognito.com[\r][\n]"
17:27:21.806 [pool-1-thread-1] DEBUG karate.org.apache.http.wire - http-outgoing-0 >> "Connection: Keep-Alive[\r][\n]"
17:27:21.806 [pool-1-thread-1] DEBUG karate.org.apache.http.wire - http-outgoing-0 >> "User-Agent: Apache-HttpClient/4.5.13 (Java/17.0.5)[\r][\n]"
17:27:21.806 [pool-1-thread-1] DEBUG karate.org.apache.http.wire - http-outgoing-0 >> "Accept-Encoding: gzip,deflate[\r][\n]"
17:27:21.806 [pool-1-thread-1] DEBUG karate.org.apache.http.wire - http-outgoing-0 >> "[\r][\n]"
17:27:21.806 [pool-1-thread-1] DEBUG karate.org.apache.http.wire - http-outgoing-0 >> "grant_type=client_credentials&Scope=consumers%2Ffabrica"
17:27:22.023 [pool-1-thread-1] DEBUG karate.org.apache.http.wire - http-outgoing-0 << "HTTP/1.1 200 OK[\r][\n]"
17:27:22.023 [pool-1-thread-1] DEBUG karate.org.apache.http.wire - http-outgoing-0 << "Date: Fri, 05 Jan 2024 22:27:21 GMT[\r][\n]"
17:27:22.023 [pool-1-thread-1] DEBUG karate.org.apache.http.wire - http-outgoing-0 << "Content-Type: application/json;charset=UTF-8[\r][\n]"
17:27:22.023 [pool-1-thread-1] DEBUG karate.org.apache.http.wire - http-outgoing-0 << "Transfer-Encoding: chunked[\r][\n]"
17:27:22.023 [pool-1-thread-1] DEBUG karate.org.apache.http.wire - http-outgoing-0 << "Connection: keep-alive[\r][\n]"
17:27:22.023 [pool-1-thread-1] DEBUG karate.org.apache.http.wire - http-outgoing-0 << "Content-Security-Policy-Report-Only: script-src https://d3oia8etllorh5.cloudfront.net https://voucherdigitalclouddevcorr.auth.us-east-1.amazoncognito.com; style-src https://d3oia8etllorh5.cloudfront.net https://voucherdigitalclouddevcorr.auth.us-east-1.amazoncognito.com; img-src https://d3oia8etllorh5.cloudfront.net https://voucherdigitalclouddevcorr.auth.us-east-1.amazoncognito.com; report-uri https://voucherdigitalclouddevcorr.auth.us-east-1.amazoncognito.com/cspreport[\r][\n]"
17:27:22.024 [pool-1-thread-1] DEBUG karate.org.apache.http.wire - http-outgoing-0 << "Set-Cookie: XSRF-TOKEN=36959cff-fdca-4f7c-a295-f7e4e9ec6dc0; Path=/; Secure; HttpOnly; SameSite=Lax[\r][\n]"
17:27:22.024 [pool-1-thread-1] DEBUG karate.org.apache.http.wire - http-outgoing-0 << "x-amz-cognito-request-id: fb37ba79-b49f-4302-977a-819e79d57927[\r][\n]"
17:27:22.024 [pool-1-thread-1] DEBUG karate.org.apache.http.wire - http-outgoing-0 << "X-Content-Type-Options: nosniff[\r][\n]"
17:27:22.024 [pool-1-thread-1] DEBUG karate.org.apache.http.wire - http-outgoing-0 << "X-XSS-Protection: 1; mode=block[\r][\n]"
17:27:22.024 [pool-1-thread-1] DEBUG karate.org.apache.http.wire - http-outgoing-0 << "Cache-Control: no-cache, no-store, max-age=0, must-revalidate[\r][\n]"
17:27:22.024 [pool-1-thread-1] DEBUG karate.org.apache.http.wire - http-outgoing-0 << "Pragma: no-cache[\r][\n]"
17:27:22.024 [pool-1-thread-1] DEBUG karate.org.apache.http.wire - http-outgoing-0 << "Expires: 0[\r][\n]"
17:27:22.024 [pool-1-thread-1] DEBUG karate.org.apache.http.wire - http-outgoing-0 << "Strict-Transport-Security: max-age=31536000 ; includeSubDomains[\r][\n]"
17:27:22.024 [pool-1-thread-1] DEBUG karate.org.apache.http.wire - http-outgoing-0 << "X-Frame-Options: DENY[\r][\n]"
17:27:22.024 [pool-1-thread-1] DEBUG karate.org.apache.http.wire - http-outgoing-0 << "Server: Server[\r][\n]"
17:27:22.024 [pool-1-thread-1] DEBUG karate.org.apache.http.wire - http-outgoing-0 << "[\r][\n]"
17:27:22.024 [pool-1-thread-1] DEBUG karate.org.apache.http.wire - http-outgoing-0 << "395[\r][\n]"
17:27:22.024 [pool-1-thread-1] DEBUG karate.org.apache.http.wire - http-outgoing-0 << "{"access_token":"eyJraWQiOiJpSWxIZlwvdXU2U2JwMGVLSXRIRVJBRFFhVURLQit1RDVpcUVMVFhRbW92OD0iLCJhbGciOiJSUzI1NiJ9.eyJzdWIiOiI2dGJza2M0ZWx1aXFkcHVwc2ptcTRyOThsbCIsInRva2VuX3VzZSI6ImFjY2VzcyIsInNjb3BlIjoiY29uc3VtZXJzXC9mYWJyaWNhIiwiYXV0aF90aW1lIjoxNzA0NDkzNjQxLCJpc3MiOiJodHRwczpcL1wvY29nbml0by1pZHAudXMtZWFzdC0xLmFtYXpvbmF3cy5jb21cL3VzLWVhc3QtMV9wOVR4ZThJNlUiLCJleHAiOjE3MDQ0OTU0NDEsImlhdCI6MTcwNDQ5MzY0MSwidmVyc2lvbiI6MiwianRpIjoiYzBiNTFjOWUtNDI5MC00OWYwLWI5NWYtZGMyYWRmMjEyNTdjIiwiY2xpZW50X2lkIjoiNnRic2tjNGVsdWlxZHB1cHNqbXE0cjk4bGwifQ.ATDTgc_XrFvJJdCMyH6A5oUePYhPj8FPUbJg1g4Vg-BlTsND61HiXZ9kvdziduq4NBX7i6U4h1HFKlsvIQj_GrbSzdAvehzjYmgAo_dz0P4jVE9X-PfvzCo94zX3Uz3AgVhyAXS24WSp-AI1A3woqe1OqbgFMxWI14nYzkYk6bBFwDTCeYayXIPJPhwfsL7QWWuy9PhQg2eLMDAwnxJ2R9KWnlCKKfGlLtaDkYZJXos1eS0xGM_dgDwrezOmqzKXP5rEsCblnwXWcM50ylvYqRENUPL9g9C4a72EuPenLIrgtEKCkdEbkXEzKPdiijm6IFJp9CZ5Uk5rWog23kukLA","expires_in":1800,"token_type":"Bearer"}[\r][\n]"
17:27:22.026 [pool-1-thread-1] DEBUG karate.org.apache.http.headers - http-outgoing-0 << HTTP/1.1 200 OK
17:27:22.026 [pool-1-thread-1] DEBUG karate.org.apache.http.headers - http-outgoing-0 << Date: Fri, 05 Jan 2024 22:27:21 GMT
17:27:22.026 [pool-1-thread-1] DEBUG karate.org.apache.http.headers - http-outgoing-0 << Content-Type: application/json;charset=UTF-8
17:27:22.026 [pool-1-thread-1] DEBUG karate.org.apache.http.headers - http-outgoing-0 << Transfer-Encoding: chunked
17:27:22.027 [pool-1-thread-1] DEBUG karate.org.apache.http.headers - http-outgoing-0 << Connection: keep-alive
17:27:22.027 [pool-1-thread-1] DEBUG karate.org.apache.http.headers - http-outgoing-0 << Content-Security-Policy-Report-Only: script-src https://d3oia8etllorh5.cloudfront.net https://voucherdigitalclouddevcorr.auth.us-east-1.amazoncognito.com; style-src https://d3oia8etllorh5.cloudfront.net https://voucherdigitalclouddevcorr.auth.us-east-1.amazoncognito.com; img-src https://d3oia8etllorh5.cloudfront.net https://voucherdigitalclouddevcorr.auth.us-east-1.amazoncognito.com; report-uri https://voucherdigitalclouddevcorr.auth.us-east-1.amazoncognito.com/cspreport
17:27:22.027 [pool-1-thread-1] DEBUG karate.org.apache.http.headers - http-outgoing-0 << Set-Cookie: XSRF-TOKEN=36959cff-fdca-4f7c-a295-f7e4e9ec6dc0; Path=/; Secure; HttpOnly; SameSite=Lax
17:27:22.027 [pool-1-thread-1] DEBUG karate.org.apache.http.headers - http-outgoing-0 << x-amz-cognito-request-id: fb37ba79-b49f-4302-977a-819e79d57927
17:27:22.027 [pool-1-thread-1] DEBUG karate.org.apache.http.headers - http-outgoing-0 << X-Content-Type-Options: nosniff
17:27:22.027 [pool-1-thread-1] DEBUG karate.org.apache.http.headers - http-outgoing-0 << X-XSS-Protection: 1; mode=block
17:27:22.027 [pool-1-thread-1] DEBUG karate.org.apache.http.headers - http-outgoing-0 << Cache-Control: no-cache, no-store, max-age=0, must-revalidate
17:27:22.027 [pool-1-thread-1] DEBUG karate.org.apache.http.headers - http-outgoing-0 << Pragma: no-cache
17:27:22.027 [pool-1-thread-1] DEBUG karate.org.apache.http.headers - http-outgoing-0 << Expires: 0
17:27:22.027 [pool-1-thread-1] DEBUG karate.org.apache.http.headers - http-outgoing-0 << Strict-Transport-Security: max-age=31536000 ; includeSubDomains
17:27:22.027 [pool-1-thread-1] DEBUG karate.org.apache.http.headers - http-outgoing-0 << X-Frame-Options: DENY
17:27:22.027 [pool-1-thread-1] DEBUG karate.org.apache.http.headers - http-outgoing-0 << Server: Server
17:27:22.034 [pool-1-thread-1] DEBUG karate.org.apache.http.impl.execchain.MainClientExec - Connection can be kept alive indefinitely
17:27:22.039 [pool-1-thread-1] DEBUG karate.org.apache.http.client.protocol.ResponseProcessCookies - Cookie accepted [XSRF-TOKEN="36959cff-fdca-4f7c-a295-f7e4e9ec6dc0", version:0, domain:voucherdigitalclouddevcorr.auth.us-east-1.amazoncognito.com, path:/, expiry:null]
17:27:22.040 [pool-1-thread-1] DEBUG karate.org.apache.http.wire - http-outgoing-0 << "0[\r][\n]"
17:27:22.040 [pool-1-thread-1] DEBUG karate.org.apache.http.wire - http-outgoing-0 << "[\r][\n]"
17:27:22.040 [pool-1-thread-1] DEBUG karate.org.apache.http.impl.conn.PoolingHttpClientConnectionManager - Connection [id: 0][route: {s}->https://voucherdigitalclouddevcorr.auth.us-east-1.amazoncognito.com:443] can be kept alive indefinitely
17:27:22.040 [pool-1-thread-1] DEBUG karate.org.apache.http.impl.conn.DefaultManagedHttpClientConnection - http-outgoing-0: set socket timeout to 0
17:27:22.041 [pool-1-thread-1] DEBUG karate.org.apache.http.impl.conn.PoolingHttpClientConnectionManager - Connection released: [id: 0][route: {s}->https://voucherdigitalclouddevcorr.auth.us-east-1.amazoncognito.com:443][total available: 1; route allocated: 1 of 5; total allocated: 1 of 10]
17:27:22.045 [pool-1-thread-1] DEBUG karate.io.netty.util.internal.InternalThreadLocalMap - -Dio.netty.threadLocalMap.stringBuilder.initialSize: 1024
17:27:22.045 [pool-1-thread-1] DEBUG karate.io.netty.util.internal.InternalThreadLocalMap - -Dio.netty.threadLocalMap.stringBuilder.maxSize: 4096
17:27:22.047 [pool-1-thread-1] DEBUG com.intuit.karate - response time in milliseconds: 987
1 < 200
1 < Date: Fri, 05 Jan 2024 22:27:21 GMT
1 < Content-Type: application/json;charset=UTF-8
1 < Transfer-Encoding: chunked
1 < Connection: keep-alive
1 < Content-Security-Policy-Report-Only: script-src https://d3oia8etllorh5.cloudfront.net https://voucherdigitalclouddevcorr.auth.us-east-1.amazoncognito.com; style-src https://d3oia8etllorh5.cloudfront.net https://voucherdigitalclouddevcorr.auth.us-east-1.amazoncognito.com; img-src https://d3oia8etllorh5.cloudfront.net https://voucherdigitalclouddevcorr.auth.us-east-1.amazoncognito.com; report-uri https://voucherdigitalclouddevcorr.auth.us-east-1.amazoncognito.com/cspreport
1 < x-amz-cognito-request-id: fb37ba79-b49f-4302-977a-819e79d57927
1 < X-Content-Type-Options: nosniff
1 < X-XSS-Protection: 1; mode=block
1 < Cache-Control: no-cache, no-store, max-age=0, must-revalidate
1 < Pragma: no-cache
1 < Expires: 0
1 < Strict-Transport-Security: max-age=31536000 ; includeSubDomains
1 < X-Frame-Options: DENY
1 < Server: Server
1 < Set-Cookie: XSRF-TOKEN=36959cff-fdca-4f7c-a295-f7e4e9ec6dc0; Domain=voucherdigitalclouddevcorr.auth.us-east-1.amazoncognito.com; Secure
{"access_token":"eyJraWQiOiJpSWxIZlwvdXU2U2JwMGVLSXRIRVJBRFFhVURLQit1RDVpcUVMVFhRbW92OD0iLCJhbGciOiJSUzI1NiJ9.eyJzdWIiOiI2dGJza2M0ZWx1aXFkcHVwc2ptcTRyOThsbCIsInRva2VuX3VzZSI6ImFjY2VzcyIsInNjb3BlIjoiY29uc3VtZXJzXC9mYWJyaWNhIiwiYXV0aF90aW1lIjoxNzA0NDkzNjQxLCJpc3MiOiJodHRwczpcL1wvY29nbml0by1pZHAudXMtZWFzdC0xLmFtYXpvbmF3cy5jb21cL3VzLWVhc3QtMV9wOVR4ZThJNlUiLCJleHAiOjE3MDQ0OTU0NDEsImlhdCI6MTcwNDQ5MzY0MSwidmVyc2lvbiI6MiwianRpIjoiYzBiNTFjOWUtNDI5MC00OWYwLWI5NWYtZGMyYWRmMjEyNTdjIiwiY2xpZW50X2lkIjoiNnRic2tjNGVsdWlxZHB1cHNqbXE0cjk4bGwifQ.ATDTgc_XrFvJJdCMyH6A5oUePYhPj8FPUbJg1g4Vg-BlTsND61HiXZ9kvdziduq4NBX7i6U4h1HFKlsvIQj_GrbSzdAvehzjYmgAo_dz0P4jVE9X-PfvzCo94zX3Uz3AgVhyAXS24WSp-AI1A3woqe1OqbgFMxWI14nYzkYk6bBFwDTCeYayXIPJPhwfsL7QWWuy9PhQg2eLMDAwnxJ2R9KWnlCKKfGlLtaDkYZJXos1eS0xGM_dgDwrezOmqzKXP5rEsCblnwXWcM50ylvYqRENUPL9g9C4a72EuPenLIrgtEKCkdEbkXEzKPdiijm6IFJp9CZ5Uk5rWog23kukLA","expires_in":1800,"token_type":"Bearer"}

17:27:22.081 [pool-1-thread-1] INFO com.intuit.karate - << lock released, cached callSingle: classpath:helper/CrearToken.feature
17:27:22.103 [pool-1-thread-1] DEBUG com.jayway.jsonpath.internal.path.CompiledPath - Evaluating path: $
17:27:22.126 [pool-1-thread-1] DEBUG com.jayway.jsonpath.internal.path.CompiledPath - Evaluating path: $
17:27:22.163 [Finalizer] DEBUG karate.org.apache.http.impl.conn.PoolingHttpClientConnectionManager - Connection manager is shutting down
17:27:22.164 [Finalizer] DEBUG karate.org.apache.http.impl.conn.DefaultManagedHttpClientConnection - http-outgoing-0: Close connection
17:27:22.165 [Finalizer] DEBUG karate.org.apache.http.impl.conn.PoolingHttpClientConnectionManager - Connection manager shut down
17:27:22.516 [pool-1-thread-1] DEBUG com.jayway.jsonpath.internal.path.CompiledPath - Evaluating path: $['payload'][0]['transaction']['dateTime']
17:27:22.516 [pool-1-thread-1] DEBUG com.jayway.jsonpath.internal.path.CompiledPath - Evaluating path: $['payload'][0]['transaction']
17:27:22.517 [pool-1-thread-1] DEBUG com.jayway.jsonpath.internal.JsonContext - Put path $['payload'][0]['transaction'] key dateTime value 20240105172700
17:27:22.518 [pool-1-thread-1] DEBUG com.jayway.jsonpath.internal.path.CompiledPath - Evaluating path: $['payload'][0]['transaction']['hour']
17:27:22.518 [pool-1-thread-1] DEBUG com.jayway.jsonpath.internal.path.CompiledPath - Evaluating path: $['payload'][0]['transaction']
17:27:22.518 [pool-1-thread-1] DEBUG com.jayway.jsonpath.internal.JsonContext - Put path $['payload'][0]['transaction'] key hour value 1727
17:27:22.520 [pool-1-thread-1] DEBUG com.jayway.jsonpath.internal.path.CompiledPath - Evaluating path: $['payload'][0]['transaction']['date']
17:27:22.520 [pool-1-thread-1] DEBUG com.jayway.jsonpath.internal.path.CompiledPath - Evaluating path: $['payload'][0]['transaction']
17:27:22.520 [pool-1-thread-1] DEBUG com.jayway.jsonpath.internal.JsonContext - Put path $['payload'][0]['transaction'] key date value 20240105
17:27:22.528 [pool-1-thread-1] DEBUG karate.org.apache.http.client.protocol.RequestAddCookies - CookieSpec selected: karate
17:27:22.529 [pool-1-thread-1] DEBUG karate.org.apache.http.client.protocol.RequestAuthCache - Auth cache not set in the context
17:27:22.529 [pool-1-thread-1] DEBUG com.intuit.karate - request:
2 > POST https://apicorr.redebanvd.net/transactional/api/vouchers/closures
2 > x-api-key: tZtH1xkzxt8au5Vae8at14kL4MwEZ2su59imax5g
2 > Authorization: Bearer eyJraWQiOiJpSWxIZlwvdXU2U2JwMGVLSXRIRVJBRFFhVURLQit1RDVpcUVMVFhRbW92OD0iLCJhbGciOiJSUzI1NiJ9.eyJzdWIiOiI2dGJza2M0ZWx1aXFkcHVwc2ptcTRyOThsbCIsInRva2VuX3VzZSI6ImFjY2VzcyIsInNjb3BlIjoiY29uc3VtZXJzXC9mYWJyaWNhIiwiYXV0aF90aW1lIjoxNzA0NDkzNjQxLCJpc3MiOiJodHRwczpcL1wvY29nbml0by1pZHAudXMtZWFzdC0xLmFtYXpvbmF3cy5jb21cL3VzLWVhc3QtMV9wOVR4ZThJNlUiLCJleHAiOjE3MDQ0OTU0NDEsImlhdCI6MTcwNDQ5MzY0MSwidmVyc2lvbiI6MiwianRpIjoiYzBiNTFjOWUtNDI5MC00OWYwLWI5NWYtZGMyYWRmMjEyNTdjIiwiY2xpZW50X2lkIjoiNnRic2tjNGVsdWlxZHB1cHNqbXE0cjk4bGwifQ.ATDTgc_XrFvJJdCMyH6A5oUePYhPj8FPUbJg1g4Vg-BlTsND61HiXZ9kvdziduq4NBX7i6U4h1HFKlsvIQj_GrbSzdAvehzjYmgAo_dz0P4jVE9X-PfvzCo94zX3Uz3AgVhyAXS24WSp-AI1A3woqe1OqbgFMxWI14nYzkYk6bBFwDTCeYayXIPJPhwfsL7QWWuy9PhQg2eLMDAwnxJ2R9KWnlCKKfGlLtaDkYZJXos1eS0xGM_dgDwrezOmqzKXP5rEsCblnwXWcM50ylvYqRENUPL9g9C4a72EuPenLIrgtEKCkdEbkXEzKPdiijm6IFJp9CZ5Uk5rWog23kukLA
2 > Content-Type: application/json; charset=UTF-8
2 > Content-Length: 295
2 > Host: apicorr.redebanvd.net
2 > Connection: Keep-Alive
2 > User-Agent: Apache-HttpClient/4.5.13 (Java/17.0.5)
2 > Accept-Encoding: gzip,deflate
{"payload":[{"commerce":{"address":"PRUEBAS CIERRES MIXTO CORR 0023","name":"testTT WWWWW TTTTTTTT FFFFFFF","terminalId":"LEAL2022","correspondentId":"2012202301","financialCode":"0023"},"transaction":{"date":"20240105","dateTime":"20240105172700","hour":"1727","techVersion":"V42343223T35T"}}]}

17:27:22.529 [pool-1-thread-1] DEBUG karate.org.apache.http.impl.conn.PoolingHttpClientConnectionManager - Connection request: [route: {s}->https://apicorr.redebanvd.net:443][total available: 0; route allocated: 0 of 5; total allocated: 0 of 10]
17:27:22.529 [pool-1-thread-1] DEBUG karate.org.apache.http.impl.conn.PoolingHttpClientConnectionManager - Connection leased: [id: 1][route: {s}->https://apicorr.redebanvd.net:443][total available: 0; route allocated: 1 of 5; total allocated: 1 of 10]
17:27:22.529 [pool-1-thread-1] DEBUG karate.org.apache.http.impl.execchain.MainClientExec - Opening connection {s}->https://apicorr.redebanvd.net:443
17:27:22.692 [pool-1-thread-1] DEBUG karate.org.apache.http.impl.conn.DefaultHttpClientConnectionOperator - Connecting to apicorr.redebanvd.net/13.227.26.65:443
17:27:22.692 [pool-1-thread-1] DEBUG karate.org.apache.http.conn.ssl.SSLConnectionSocketFactory - Connecting socket to apicorr.redebanvd.net/13.227.26.65:443 with timeout 30000
17:27:22.727 [pool-1-thread-1] DEBUG karate.org.apache.http.conn.ssl.SSLConnectionSocketFactory - Enabled protocols: [TLSv1.3, TLSv1.2]
17:27:22.727 [pool-1-thread-1] DEBUG karate.org.apache.http.conn.ssl.SSLConnectionSocketFactory - Enabled cipher suites:[TLS_AES_256_GCM_SHA384, TLS_AES_128_GCM_SHA256, TLS_CHACHA20_POLY1305_SHA256, TLS_ECDHE_ECDSA_WITH_AES_256_GCM_SHA384, TLS_ECDHE_ECDSA_WITH_AES_128_GCM_SHA256, TLS_ECDHE_ECDSA_WITH_CHACHA20_POLY1305_SHA256, TLS_ECDHE_RSA_WITH_AES_256_GCM_SHA384, TLS_ECDHE_RSA_WITH_CHACHA20_POLY1305_SHA256, TLS_ECDHE_RSA_WITH_AES_128_GCM_SHA256, TLS_DHE_RSA_WITH_AES_256_GCM_SHA384, TLS_DHE_RSA_WITH_CHACHA20_POLY1305_SHA256, TLS_DHE_DSS_WITH_AES_256_GCM_SHA384, TLS_DHE_RSA_WITH_AES_128_GCM_SHA256, TLS_DHE_DSS_WITH_AES_128_GCM_SHA256, TLS_ECDHE_ECDSA_WITH_AES_256_CBC_SHA384, TLS_ECDHE_RSA_WITH_AES_256_CBC_SHA384, TLS_ECDHE_ECDSA_WITH_AES_128_CBC_SHA256, TLS_ECDHE_RSA_WITH_AES_128_CBC_SHA256, TLS_DHE_RSA_WITH_AES_256_CBC_SHA256, TLS_DHE_DSS_WITH_AES_256_CBC_SHA256, TLS_DHE_RSA_WITH_AES_128_CBC_SHA256, TLS_DHE_DSS_WITH_AES_128_CBC_SHA256, TLS_ECDH_ECDSA_WITH_AES_256_GCM_SHA384, TLS_ECDH_RSA_WITH_AES_256_GCM_SHA384, TLS_ECDH_ECDSA_WITH_AES_128_GCM_SHA256, TLS_ECDH_RSA_WITH_AES_128_GCM_SHA256, TLS_ECDH_ECDSA_WITH_AES_256_CBC_SHA384, TLS_ECDH_RSA_WITH_AES_256_CBC_SHA384, TLS_ECDH_ECDSA_WITH_AES_128_CBC_SHA256, TLS_ECDH_RSA_WITH_AES_128_CBC_SHA256, TLS_ECDHE_ECDSA_WITH_AES_256_CBC_SHA, TLS_ECDHE_RSA_WITH_AES_256_CBC_SHA, TLS_ECDHE_ECDSA_WITH_AES_128_CBC_SHA, TLS_ECDHE_RSA_WITH_AES_128_CBC_SHA, TLS_DHE_RSA_WITH_AES_256_CBC_SHA, TLS_DHE_DSS_WITH_AES_256_CBC_SHA, TLS_DHE_RSA_WITH_AES_128_CBC_SHA, TLS_DHE_DSS_WITH_AES_128_CBC_SHA, TLS_ECDH_ECDSA_WITH_AES_256_CBC_SHA, TLS_ECDH_RSA_WITH_AES_256_CBC_SHA, TLS_ECDH_ECDSA_WITH_AES_128_CBC_SHA, TLS_ECDH_RSA_WITH_AES_128_CBC_SHA, TLS_RSA_WITH_AES_256_GCM_SHA384, TLS_RSA_WITH_AES_128_GCM_SHA256, TLS_RSA_WITH_AES_256_CBC_SHA256, TLS_RSA_WITH_AES_128_CBC_SHA256, TLS_RSA_WITH_AES_256_CBC_SHA, TLS_RSA_WITH_AES_128_CBC_SHA, TLS_EMPTY_RENEGOTIATION_INFO_SCSV]
17:27:22.727 [pool-1-thread-1] DEBUG karate.org.apache.http.conn.ssl.SSLConnectionSocketFactory - Starting handshake
17:27:22.789 [pool-1-thread-1] DEBUG karate.org.apache.http.conn.ssl.SSLConnectionSocketFactory - Secure session established
17:27:22.789 [pool-1-thread-1] DEBUG karate.org.apache.http.conn.ssl.SSLConnectionSocketFactory -  negotiated protocol: TLSv1.3
17:27:22.790 [pool-1-thread-1] DEBUG karate.org.apache.http.conn.ssl.SSLConnectionSocketFactory -  negotiated cipher suite: TLS_AES_128_GCM_SHA256
17:27:22.790 [pool-1-thread-1] DEBUG karate.org.apache.http.conn.ssl.SSLConnectionSocketFactory -  peer principal: CN=*.redebanvd.net
17:27:22.790 [pool-1-thread-1] DEBUG karate.org.apache.http.conn.ssl.SSLConnectionSocketFactory -  peer alternative names: [*.redebanvd.net]
17:27:22.790 [pool-1-thread-1] DEBUG karate.org.apache.http.conn.ssl.SSLConnectionSocketFactory -  issuer principal: CN=Amazon RSA 2048 M01, O=Amazon, C=US
17:27:22.790 [pool-1-thread-1] DEBUG karate.org.apache.http.impl.conn.DefaultHttpClientConnectionOperator - Connection established 192.168.1.29:62013<->13.227.26.65:443
17:27:22.790 [pool-1-thread-1] DEBUG karate.org.apache.http.impl.conn.DefaultManagedHttpClientConnection - http-outgoing-1: set socket timeout to 30000
17:27:22.790 [pool-1-thread-1] DEBUG karate.org.apache.http.impl.execchain.MainClientExec - Executing request POST /transactional/api/vouchers/closures HTTP/1.1
17:27:22.790 [pool-1-thread-1] DEBUG karate.org.apache.http.impl.execchain.MainClientExec - Proxy auth state: UNCHALLENGED
17:27:22.790 [pool-1-thread-1] DEBUG karate.org.apache.http.headers - http-outgoing-1 >> POST /transactional/api/vouchers/closures HTTP/1.1
17:27:22.790 [pool-1-thread-1] DEBUG karate.org.apache.http.headers - http-outgoing-1 >> x-api-key: tZtH1xkzxt8au5Vae8at14kL4MwEZ2su59imax5g
17:27:22.791 [pool-1-thread-1] DEBUG karate.org.apache.http.headers - http-outgoing-1 >> Authorization: Bearer eyJraWQiOiJpSWxIZlwvdXU2U2JwMGVLSXRIRVJBRFFhVURLQit1RDVpcUVMVFhRbW92OD0iLCJhbGciOiJSUzI1NiJ9.eyJzdWIiOiI2dGJza2M0ZWx1aXFkcHVwc2ptcTRyOThsbCIsInRva2VuX3VzZSI6ImFjY2VzcyIsInNjb3BlIjoiY29uc3VtZXJzXC9mYWJyaWNhIiwiYXV0aF90aW1lIjoxNzA0NDkzNjQxLCJpc3MiOiJodHRwczpcL1wvY29nbml0by1pZHAudXMtZWFzdC0xLmFtYXpvbmF3cy5jb21cL3VzLWVhc3QtMV9wOVR4ZThJNlUiLCJleHAiOjE3MDQ0OTU0NDEsImlhdCI6MTcwNDQ5MzY0MSwidmVyc2lvbiI6MiwianRpIjoiYzBiNTFjOWUtNDI5MC00OWYwLWI5NWYtZGMyYWRmMjEyNTdjIiwiY2xpZW50X2lkIjoiNnRic2tjNGVsdWlxZHB1cHNqbXE0cjk4bGwifQ.ATDTgc_XrFvJJdCMyH6A5oUePYhPj8FPUbJg1g4Vg-BlTsND61HiXZ9kvdziduq4NBX7i6U4h1HFKlsvIQj_GrbSzdAvehzjYmgAo_dz0P4jVE9X-PfvzCo94zX3Uz3AgVhyAXS24WSp-AI1A3woqe1OqbgFMxWI14nYzkYk6bBFwDTCeYayXIPJPhwfsL7QWWuy9PhQg2eLMDAwnxJ2R9KWnlCKKfGlLtaDkYZJXos1eS0xGM_dgDwrezOmqzKXP5rEsCblnwXWcM50ylvYqRENUPL9g9C4a72EuPenLIrgtEKCkdEbkXEzKPdiijm6IFJp9CZ5Uk5rWog23kukLA
17:27:22.791 [pool-1-thread-1] DEBUG karate.org.apache.http.headers - http-outgoing-1 >> Content-Type: application/json; charset=UTF-8
17:27:22.791 [pool-1-thread-1] DEBUG karate.org.apache.http.headers - http-outgoing-1 >> Content-Length: 295
17:27:22.791 [pool-1-thread-1] DEBUG karate.org.apache.http.headers - http-outgoing-1 >> Host: apicorr.redebanvd.net
17:27:22.791 [pool-1-thread-1] DEBUG karate.org.apache.http.headers - http-outgoing-1 >> Connection: Keep-Alive
17:27:22.791 [pool-1-thread-1] DEBUG karate.org.apache.http.headers - http-outgoing-1 >> User-Agent: Apache-HttpClient/4.5.13 (Java/17.0.5)
17:27:22.791 [pool-1-thread-1] DEBUG karate.org.apache.http.headers - http-outgoing-1 >> Accept-Encoding: gzip,deflate
17:27:22.791 [pool-1-thread-1] DEBUG karate.org.apache.http.wire - http-outgoing-1 >> "POST /transactional/api/vouchers/closures HTTP/1.1[\r][\n]"
17:27:22.791 [pool-1-thread-1] DEBUG karate.org.apache.http.wire - http-outgoing-1 >> "x-api-key: tZtH1xkzxt8au5Vae8at14kL4MwEZ2su59imax5g[\r][\n]"
17:27:22.791 [pool-1-thread-1] DEBUG karate.org.apache.http.wire - http-outgoing-1 >> "Authorization: Bearer eyJraWQiOiJpSWxIZlwvdXU2U2JwMGVLSXRIRVJBRFFhVURLQit1RDVpcUVMVFhRbW92OD0iLCJhbGciOiJSUzI1NiJ9.eyJzdWIiOiI2dGJza2M0ZWx1aXFkcHVwc2ptcTRyOThsbCIsInRva2VuX3VzZSI6ImFjY2VzcyIsInNjb3BlIjoiY29uc3VtZXJzXC9mYWJyaWNhIiwiYXV0aF90aW1lIjoxNzA0NDkzNjQxLCJpc3MiOiJodHRwczpcL1wvY29nbml0by1pZHAudXMtZWFzdC0xLmFtYXpvbmF3cy5jb21cL3VzLWVhc3QtMV9wOVR4ZThJNlUiLCJleHAiOjE3MDQ0OTU0NDEsImlhdCI6MTcwNDQ5MzY0MSwidmVyc2lvbiI6MiwianRpIjoiYzBiNTFjOWUtNDI5MC00OWYwLWI5NWYtZGMyYWRmMjEyNTdjIiwiY2xpZW50X2lkIjoiNnRic2tjNGVsdWlxZHB1cHNqbXE0cjk4bGwifQ.ATDTgc_XrFvJJdCMyH6A5oUePYhPj8FPUbJg1g4Vg-BlTsND61HiXZ9kvdziduq4NBX7i6U4h1HFKlsvIQj_GrbSzdAvehzjYmgAo_dz0P4jVE9X-PfvzCo94zX3Uz3AgVhyAXS24WSp-AI1A3woqe1OqbgFMxWI14nYzkYk6bBFwDTCeYayXIPJPhwfsL7QWWuy9PhQg2eLMDAwnxJ2R9KWnlCKKfGlLtaDkYZJXos1eS0xGM_dgDwrezOmqzKXP5rEsCblnwXWcM50ylvYqRENUPL9g9C4a72EuPenLIrgtEKCkdEbkXEzKPdiijm6IFJp9CZ5Uk5rWog23kukLA[\r][\n]"
17:27:22.792 [pool-1-thread-1] DEBUG karate.org.apache.http.wire - http-outgoing-1 >> "Content-Type: application/json; charset=UTF-8[\r][\n]"
17:27:22.792 [pool-1-thread-1] DEBUG karate.org.apache.http.wire - http-outgoing-1 >> "Content-Length: 295[\r][\n]"
17:27:22.792 [pool-1-thread-1] DEBUG karate.org.apache.http.wire - http-outgoing-1 >> "Host: apicorr.redebanvd.net[\r][\n]"
17:27:22.792 [pool-1-thread-1] DEBUG karate.org.apache.http.wire - http-outgoing-1 >> "Connection: Keep-Alive[\r][\n]"
17:27:22.792 [pool-1-thread-1] DEBUG karate.org.apache.http.wire - http-outgoing-1 >> "User-Agent: Apache-HttpClient/4.5.13 (Java/17.0.5)[\r][\n]"
17:27:22.792 [pool-1-thread-1] DEBUG karate.org.apache.http.wire - http-outgoing-1 >> "Accept-Encoding: gzip,deflate[\r][\n]"
17:27:22.792 [pool-1-thread-1] DEBUG karate.org.apache.http.wire - http-outgoing-1 >> "[\r][\n]"
17:27:22.792 [pool-1-thread-1] DEBUG karate.org.apache.http.wire - http-outgoing-1 >> "{"payload":[{"commerce":{"address":"PRUEBAS CIERRES MIXTO CORR 0023","name":"testTT WWWWW TTTTTTTT FFFFFFF","terminalId":"LEAL2022","correspondentId":"2012202301","financialCode":"0023"},"transaction":{"date":"20240105","dateTime":"20240105172700","hour":"1727","techVersion":"V42343223T35T"}}]}"
17:27:22.964 [pool-1-thread-1] DEBUG karate.org.apache.http.wire - http-outgoing-1 << "HTTP/1.1 200 OK[\r][\n]"
17:27:22.964 [pool-1-thread-1] DEBUG karate.org.apache.http.wire - http-outgoing-1 << "Content-Type: application/json[\r][\n]"
17:27:22.964 [pool-1-thread-1] DEBUG karate.org.apache.http.wire - http-outgoing-1 << "Content-Length: 506[\r][\n]"
17:27:22.964 [pool-1-thread-1] DEBUG karate.org.apache.http.wire - http-outgoing-1 << "Connection: keep-alive[\r][\n]"
17:27:22.964 [pool-1-thread-1] DEBUG karate.org.apache.http.wire - http-outgoing-1 << "Date: Fri, 05 Jan 2024 22:27:22 GMT[\r][\n]"
17:27:22.964 [pool-1-thread-1] DEBUG karate.org.apache.http.wire - http-outgoing-1 << "x-amzn-RequestId: 1a9a9f93-6f9d-4d7c-9d8a-c6cded03af97[\r][\n]"
17:27:22.964 [pool-1-thread-1] DEBUG karate.org.apache.http.wire - http-outgoing-1 << "Access-Control-Allow-Origin: *[\r][\n]"
17:27:22.964 [pool-1-thread-1] DEBUG karate.org.apache.http.wire - http-outgoing-1 << "x-amz-apigw-id: RFlLvHiuIAMEL9w=[\r][\n]"
17:27:22.964 [pool-1-thread-1] DEBUG karate.org.apache.http.wire - http-outgoing-1 << "X-Amzn-Trace-Id: Root=1-6598824a-46ac383d51713b3a5e6f084d[\r][\n]"
17:27:22.964 [pool-1-thread-1] DEBUG karate.org.apache.http.wire - http-outgoing-1 << "X-Cache: Miss from cloudfront[\r][\n]"
17:27:22.964 [pool-1-thread-1] DEBUG karate.org.apache.http.wire - http-outgoing-1 << "Via: 1.1 eea31a927983f0bce2a203db674ff998.cloudfront.net (CloudFront)[\r][\n]"
17:27:22.965 [pool-1-thread-1] DEBUG karate.org.apache.http.wire - http-outgoing-1 << "X-Amz-Cf-Pop: BOG50-C1[\r][\n]"
17:27:22.965 [pool-1-thread-1] DEBUG karate.org.apache.http.wire - http-outgoing-1 << "X-Amz-Cf-Id: dTMFDDXJgHMQGz-oejuTX9Mh0EDSU1oxDCW3Nfk9S-bJIldaIbtlfg==[\r][\n]"
17:27:22.965 [pool-1-thread-1] DEBUG karate.org.apache.http.wire - http-outgoing-1 << "[\r][\n]"
17:27:22.965 [pool-1-thread-1] DEBUG karate.org.apache.http.wire - http-outgoing-1 << "{"resultObject":[{"commerce":{"correspondentId":"2012202301","address":"PRUEBAS CIERRES MIXTO CORR 0023","name":"testTT WWWWW TTTTTTTT FFFFFFF","financialCode":"0023","terminalId":"LEAL2022"},"transaction":{"closeId":"0774afba-e1e9-41fe-9385-b2dff10d8d1a","date":"2024-01-05","hour":"17:27:00","dateTime":"2024-01-05T17:27:00","techVersion":"V42343223T35T"}}],"status":[{"transactionId":"0774afba-e1e9-41fe-9385-b2dff10d8d1a","statusCode":"00","statusDescription":"PROCESSED","dateTime":"20240105172722"}]}"
17:27:22.965 [pool-1-thread-1] DEBUG karate.org.apache.http.headers - http-outgoing-1 << HTTP/1.1 200 OK
17:27:22.965 [pool-1-thread-1] DEBUG karate.org.apache.http.headers - http-outgoing-1 << Content-Type: application/json
17:27:22.965 [pool-1-thread-1] DEBUG karate.org.apache.http.headers - http-outgoing-1 << Content-Length: 506
17:27:22.965 [pool-1-thread-1] DEBUG karate.org.apache.http.headers - http-outgoing-1 << Connection: keep-alive
17:27:22.965 [pool-1-thread-1] DEBUG karate.org.apache.http.headers - http-outgoing-1 << Date: Fri, 05 Jan 2024 22:27:22 GMT
17:27:22.965 [pool-1-thread-1] DEBUG karate.org.apache.http.headers - http-outgoing-1 << x-amzn-RequestId: 1a9a9f93-6f9d-4d7c-9d8a-c6cded03af97
17:27:22.965 [pool-1-thread-1] DEBUG karate.org.apache.http.headers - http-outgoing-1 << Access-Control-Allow-Origin: *
17:27:22.965 [pool-1-thread-1] DEBUG karate.org.apache.http.headers - http-outgoing-1 << x-amz-apigw-id: RFlLvHiuIAMEL9w=
17:27:22.965 [pool-1-thread-1] DEBUG karate.org.apache.http.headers - http-outgoing-1 << X-Amzn-Trace-Id: Root=1-6598824a-46ac383d51713b3a5e6f084d
17:27:22.965 [pool-1-thread-1] DEBUG karate.org.apache.http.headers - http-outgoing-1 << X-Cache: Miss from cloudfront
17:27:22.965 [pool-1-thread-1] DEBUG karate.org.apache.http.headers - http-outgoing-1 << Via: 1.1 eea31a927983f0bce2a203db674ff998.cloudfront.net (CloudFront)
17:27:22.965 [pool-1-thread-1] DEBUG karate.org.apache.http.headers - http-outgoing-1 << X-Amz-Cf-Pop: BOG50-C1
17:27:22.965 [pool-1-thread-1] DEBUG karate.org.apache.http.headers - http-outgoing-1 << X-Amz-Cf-Id: dTMFDDXJgHMQGz-oejuTX9Mh0EDSU1oxDCW3Nfk9S-bJIldaIbtlfg==
17:27:22.966 [pool-1-thread-1] DEBUG karate.org.apache.http.impl.execchain.MainClientExec - Connection can be kept alive indefinitely
17:27:22.966 [pool-1-thread-1] DEBUG karate.org.apache.http.impl.conn.PoolingHttpClientConnectionManager - Connection [id: 1][route: {s}->https://apicorr.redebanvd.net:443] can be kept alive indefinitely
17:27:22.966 [pool-1-thread-1] DEBUG karate.org.apache.http.impl.conn.DefaultManagedHttpClientConnection - http-outgoing-1: set socket timeout to 0
17:27:22.966 [pool-1-thread-1] DEBUG karate.org.apache.http.impl.conn.PoolingHttpClientConnectionManager - Connection released: [id: 1][route: {s}->https://apicorr.redebanvd.net:443][total available: 1; route allocated: 1 of 5; total allocated: 1 of 10]
17:27:22.966 [pool-1-thread-1] DEBUG com.intuit.karate - response time in milliseconds: 437
2 < 200
2 < Content-Type: application/json
2 < Content-Length: 506
2 < Connection: keep-alive
2 < Date: Fri, 05 Jan 2024 22:27:22 GMT
2 < x-amzn-RequestId: 1a9a9f93-6f9d-4d7c-9d8a-c6cded03af97
2 < Access-Control-Allow-Origin: *
2 < x-amz-apigw-id: RFlLvHiuIAMEL9w=
2 < X-Amzn-Trace-Id: Root=1-6598824a-46ac383d51713b3a5e6f084d
2 < X-Cache: Miss from cloudfront
2 < Via: 1.1 eea31a927983f0bce2a203db674ff998.cloudfront.net (CloudFront)
2 < X-Amz-Cf-Pop: BOG50-C1
2 < X-Amz-Cf-Id: dTMFDDXJgHMQGz-oejuTX9Mh0EDSU1oxDCW3Nfk9S-bJIldaIbtlfg==
{"resultObject":[{"commerce":{"correspondentId":"2012202301","address":"PRUEBAS CIERRES MIXTO CORR 0023","name":"testTT WWWWW TTTTTTTT FFFFFFF","financialCode":"0023","terminalId":"LEAL2022"},"transaction":{"closeId":"0774afba-e1e9-41fe-9385-b2dff10d8d1a","date":"2024-01-05","hour":"17:27:00","dateTime":"2024-01-05T17:27:00","techVersion":"V42343223T35T"}}],"status":[{"transactionId":"0774afba-e1e9-41fe-9385-b2dff10d8d1a","statusCode":"00","statusDescription":"PROCESSED","dateTime":"20240105172722"}]}

17:27:22.974 [pool-1-thread-1] DEBUG com.jayway.jsonpath.internal.path.CompiledPath - Evaluating path: $['status'][0]['statusDescription']
17:27:22.983 [pool-1-thread-1] DEBUG com.jayway.jsonpath.internal.path.CompiledPath - Evaluating path: $['status'][0]['statusCode']
17:27:22.987 [pool-2-thread-1] DEBUG com.jayway.jsonpath.internal.path.CompiledPath - Evaluating path: $
17:27:22.994 [pool-2-thread-1] DEBUG com.jayway.jsonpath.internal.path.CompiledPath - Evaluating path: $
17:27:23.031 [pool-2-thread-1] DEBUG karate.org.thymeleaf.TemplateEngine - [THYMELEAF] INITIALIZING TEMPLATE ENGINE
17:27:23.250 [Finalizer] DEBUG karate.org.apache.http.impl.conn.PoolingHttpClientConnectionManager - Connection manager is shutting down
17:27:23.251 [Finalizer] DEBUG karate.org.apache.http.impl.conn.DefaultManagedHttpClientConnection - http-outgoing-1: Close connection
17:27:23.251 [Finalizer] DEBUG karate.org.apache.http.impl.conn.PoolingHttpClientConnectionManager - Connection manager shut down
17:27:23.439 [pool-2-thread-1] DEBUG karate.org.thymeleaf.TemplateEngine.CONFIG - Initializing Thymeleaf Template engine configuration...
[THYMELEAF] TEMPLATE ENGINE CONFIGURATION:
[THYMELEAF] * Thymeleaf version: 3.0.14.RELEASE (built 2021-12-08T00:45:29+0000)
[THYMELEAF] * Cache Manager implementation: karate.org.thymeleaf.cache.StandardCacheManager
[THYMELEAF] * Template resolvers:
[THYMELEAF]     * [1] com.intuit.karate.template.ResourceHtmlTemplateResolver
[THYMELEAF] * Message resolvers:
[THYMELEAF]     * karate.org.thymeleaf.messageresolver.StandardMessageResolver
[THYMELEAF] * Link builders:
[THYMELEAF]     * karate.org.thymeleaf.linkbuilder.StandardLinkBuilder
[THYMELEAF] * Dialect [1 of 2]: Standard (com.intuit.karate.template.KarateStandardDialect)
[THYMELEAF]     * Prefix: "th"
[THYMELEAF]     * Processors for Template Mode: HTML
[THYMELEAF]         * Element Tag Processors by [matching element and attribute name] [precedence]:
[THYMELEAF]             * [* {th:include,data-th-include}] [100]: karate.org.thymeleaf.standard.processor.StandardIncludeTagProcessor
[THYMELEAF]             * [* {th:insert,data-th-insert}] [100]: karate.org.thymeleaf.standard.processor.StandardInsertTagProcessor
[THYMELEAF]             * [* {th:replace,data-th-replace}] [100]: karate.org.thymeleaf.standard.processor.StandardReplaceTagProcessor
[THYMELEAF]             * [* {th:substituteby,data-th-substituteby}] [100]: karate.org.thymeleaf.standard.processor.StandardSubstituteByTagProcessor
[THYMELEAF]             * [* {th:each,data-th-each}] [200]: com.intuit.karate.template.KarateEachTagProcessor
[THYMELEAF]             * [* {th:switch,data-th-switch}] [250]: karate.org.thymeleaf.standard.processor.StandardSwitchTagProcessor
[THYMELEAF]             * [* {th:case,data-th-case}] [275]: karate.org.thymeleaf.standard.processor.StandardCaseTagProcessor
[THYMELEAF]             * [* {th:if,data-th-if}] [300]: karate.org.thymeleaf.standard.processor.StandardIfTagProcessor
[THYMELEAF]             * [* {th:unless,data-th-unless}] [400]: karate.org.thymeleaf.standard.processor.StandardUnlessTagProcessor
[THYMELEAF]             * [* {th:object,data-th-object}] [500]: karate.org.thymeleaf.standard.processor.StandardObjectTagProcessor
[THYMELEAF]             * [* {th:with,data-th-with}] [600]: com.intuit.karate.template.KarateWithTagProcessor
[THYMELEAF]             * [* {th:attr,data-th-attr}] [700]: com.intuit.karate.template.KarateAttributeTagProcessor.KarateAttrTagProcessor
[THYMELEAF]             * [* {th:attrappend,data-th-attrappend}] [900]: com.intuit.karate.template.KarateAttributeTagProcessor.KarateAttrappendTagProcessor
[THYMELEAF]             * [* {th:attrprepend,data-th-attrprepend}] [900]: com.intuit.karate.template.KarateAttributeTagProcessor.KarateAttrprependTagProcessor
[THYMELEAF]             * [* {th:alt-title,data-th-alt-title}] [990]: karate.org.thymeleaf.standard.processor.StandardAltTitleTagProcessor
[THYMELEAF]             * [* {th:lang-xmllang,data-th-lang-xmllang}] [990]: karate.org.thymeleaf.standard.processor.StandardLangXmlLangTagProcessor
[THYMELEAF]             * [* {th:action,data-th-action}] [1000]: karate.org.thymeleaf.standard.processor.StandardActionTagProcessor
[THYMELEAF]             * [* {th:controls,data-th-controls}] [1000]: karate.org.thymeleaf.standard.processor.StandardConditionalFixedValueTagProcessor
[THYMELEAF]             * [* {th:open,data-th-open}] [1000]: karate.org.thymeleaf.standard.processor.StandardConditionalFixedValueTagProcessor
[THYMELEAF]             * [* {th:checked,data-th-checked}] [1000]: karate.org.thymeleaf.standard.processor.StandardConditionalFixedValueTagProcessor
[THYMELEAF]             * [* {th:loop,data-th-loop}] [1000]: karate.org.thymeleaf.standard.processor.StandardConditionalFixedValueTagProcessor
[THYMELEAF]             * [* {th:scoped,data-th-scoped}] [1000]: karate.org.thymeleaf.standard.processor.StandardConditionalFixedValueTagProcessor
[THYMELEAF]             * [* {th:pubdate,data-th-pubdate}] [1000]: karate.org.thymeleaf.standard.processor.StandardConditionalFixedValueTagProcessor
[THYMELEAF]             * [* {th:ismap,data-th-ismap}] [1000]: karate.org.thymeleaf.standard.processor.StandardConditionalFixedValueTagProcessor
[THYMELEAF]             * [* {th:default,data-th-default}] [1000]: karate.org.thymeleaf.standard.processor.StandardConditionalFixedValueTagProcessor
[THYMELEAF]             * [* {th:seamless,data-th-seamless}] [1000]: karate.org.thymeleaf.standard.processor.StandardConditionalFixedValueTagProcessor
[THYMELEAF]             * [* {th:selected,data-th-selected}] [1000]: karate.org.thymeleaf.standard.processor.StandardConditionalFixedValueTagProcessor
[THYMELEAF]             * [* {th:autoplay,data-th-autoplay}] [1000]: karate.org.thymeleaf.standard.processor.StandardConditionalFixedValueTagProcessor
[THYMELEAF]             * [* {th:readonly,data-th-readonly}] [1000]: karate.org.thymeleaf.standard.processor.StandardConditionalFixedValueTagProcessor
[THYMELEAF]             * [* {th:declare,data-th-declare}] [1000]: karate.org.thymeleaf.standard.processor.StandardConditionalFixedValueTagProcessor
[THYMELEAF]             * [* {th:hidden,data-th-hidden}] [1000]: karate.org.thymeleaf.standard.processor.StandardConditionalFixedValueTagProcessor
[THYMELEAF]             * [* {th:novalidate,data-th-novalidate}] [1000]: karate.org.thymeleaf.standard.processor.StandardConditionalFixedValueTagProcessor
[THYMELEAF]             * [* {th:disabled,data-th-disabled}] [1000]: karate.org.thymeleaf.standard.processor.StandardConditionalFixedValueTagProcessor
[THYMELEAF]             * [* {th:autofocus,data-th-autofocus}] [1000]: karate.org.thymeleaf.standard.processor.StandardConditionalFixedValueTagProcessor
[THYMELEAF]             * [* {th:required,data-th-required}] [1000]: karate.org.thymeleaf.standard.processor.StandardConditionalFixedValueTagProcessor
[THYMELEAF]             * [* {th:defer,data-th-defer}] [1000]: karate.org.thymeleaf.standard.processor.StandardConditionalFixedValueTagProcessor
[THYMELEAF]             * [* {th:nowrap,data-th-nowrap}] [1000]: karate.org.thymeleaf.standard.processor.StandardConditionalFixedValueTagProcessor
[THYMELEAF]             * [* {th:reversed,data-th-reversed}] [1000]: karate.org.thymeleaf.standard.processor.StandardConditionalFixedValueTagProcessor
[THYMELEAF]             * [* {th:formnovalidate,data-th-formnovalidate}] [1000]: karate.org.thymeleaf.standard.processor.StandardConditionalFixedValueTagProcessor
[THYMELEAF]             * [* {th:async,data-th-async}] [1000]: karate.org.thymeleaf.standard.processor.StandardConditionalFixedValueTagProcessor
[THYMELEAF]             * [* {th:multiple,data-th-multiple}] [1000]: karate.org.thymeleaf.standard.processor.StandardConditionalFixedValueTagProcessor
[THYMELEAF]             * [* {th:ondragend,data-th-ondragend}] [1000]: karate.org.thymeleaf.standard.processor.StandardDOMEventAttributeTagProcessor
[THYMELEAF]             * [* {th:onfocus,data-th-onfocus}] [1000]: karate.org.thymeleaf.standard.processor.StandardDOMEventAttributeTagProcessor
[THYMELEAF]             * [* {th:onmousedown,data-th-onmousedown}] [1000]: karate.org.thymeleaf.standard.processor.StandardDOMEventAttributeTagProcessor
[THYMELEAF]             * [* {th:ondrag,data-th-ondrag}] [1000]: karate.org.thymeleaf.standard.processor.StandardDOMEventAttributeTagProcessor
[THYMELEAF]             * [* {th:ondragover,data-th-ondragover}] [1000]: karate.org.thymeleaf.standard.processor.StandardDOMEventAttributeTagProcessor
[THYMELEAF]             * [* {th:ondrop,data-th-ondrop}] [1000]: karate.org.thymeleaf.standard.processor.StandardDOMEventAttributeTagProcessor
[THYMELEAF]             * [* {th:onvolumechange,data-th-onvolumechange}] [1000]: karate.org.thymeleaf.standard.processor.StandardDOMEventAttributeTagProcessor
[THYMELEAF]             * [* {th:onbeforeunload,data-th-onbeforeunload}] [1000]: karate.org.thymeleaf.standard.processor.StandardDOMEventAttributeTagProcessor
[THYMELEAF]             * [* {th:onbeforeprint,data-th-onbeforeprint}] [1000]: karate.org.thymeleaf.standard.processor.StandardDOMEventAttributeTagProcessor
[THYMELEAF]             * [* {th:onchange,data-th-onchange}] [1000]: karate.org.thymeleaf.standard.processor.StandardDOMEventAttributeTagProcessor
[THYMELEAF]             * [* {th:onloadstart,data-th-onloadstart}] [1000]: karate.org.thymeleaf.standard.processor.StandardDOMEventAttributeTagProcessor
[THYMELEAF]             * [* {th:onwaiting,data-th-onwaiting}] [1000]: karate.org.thymeleaf.standard.processor.StandardDOMEventAttributeTagProcessor
[THYMELEAF]             * [* {th:onseeking,data-th-onseeking}] [1000]: karate.org.thymeleaf.standard.processor.StandardDOMEventAttributeTagProcessor
[THYMELEAF]             * [* {th:onerror,data-th-onerror}] [1000]: karate.org.thymeleaf.standard.processor.StandardDOMEventAttributeTagProcessor
[THYMELEAF]             * [* {th:onforminput,data-th-onforminput}] [1000]: karate.org.thymeleaf.standard.processor.StandardDOMEventAttributeTagProcessor
[THYMELEAF]             * [* {th:oninvalid,data-th-oninvalid}] [1000]: karate.org.thymeleaf.standard.processor.StandardDOMEventAttributeTagProcessor
[THYMELEAF]             * [* {th:ondragstart,data-th-ondragstart}] [1000]: karate.org.thymeleaf.standard.processor.StandardDOMEventAttributeTagProcessor
[THYMELEAF]             * [* {th:onkeypress,data-th-onkeypress}] [1000]: karate.org.thymeleaf.standard.processor.StandardDOMEventAttributeTagProcessor
[THYMELEAF]             * [* {th:onmousewheel,data-th-onmousewheel}] [1000]: karate.org.thymeleaf.standard.processor.StandardDOMEventAttributeTagProcessor
[THYMELEAF]             * [* {th:onmouseout,data-th-onmouseout}] [1000]: karate.org.thymeleaf.standard.processor.StandardDOMEventAttributeTagProcessor
[THYMELEAF]             * [* {th:onreset,data-th-onreset}] [1000]: karate.org.thymeleaf.standard.processor.StandardDOMEventAttributeTagProcessor
[THYMELEAF]             * [* {th:onreadystatechange,data-th-onreadystatechange}] [1000]: karate.org.thymeleaf.standard.processor.StandardDOMEventAttributeTagProcessor
[THYMELEAF]             * [* {th:onmousemove,data-th-onmousemove}] [1000]: karate.org.thymeleaf.standard.processor.StandardDOMEventAttributeTagProcessor
[THYMELEAF]             * [* {th:onredo,data-th-onredo}] [1000]: karate.org.thymeleaf.standard.processor.StandardDOMEventAttributeTagProcessor
[THYMELEAF]             * [* {th:onformchange,data-th-onformchange}] [1000]: karate.org.thymeleaf.standard.processor.StandardDOMEventAttributeTagProcessor
[THYMELEAF]             * [* {th:onshow,data-th-onshow}] [1000]: karate.org.thymeleaf.standard.processor.StandardDOMEventAttributeTagProcessor
[THYMELEAF]             * [* {th:onmouseup,data-th-onmouseup}] [1000]: karate.org.thymeleaf.standard.processor.StandardDOMEventAttributeTagProcessor
[THYMELEAF]             * [* {th:onresize,data-th-onresize}] [1000]: karate.org.thymeleaf.standard.processor.StandardDOMEventAttributeTagProcessor
[THYMELEAF]             * [* {th:ontimeupdate,data-th-ontimeupdate}] [1000]: karate.org.thymeleaf.standard.processor.StandardDOMEventAttributeTagProcessor
[THYMELEAF]             * [* {th:ondblclick,data-th-ondblclick}] [1000]: karate.org.thymeleaf.standard.processor.StandardDOMEventAttributeTagProcessor
[THYMELEAF]             * [* {th:ondurationchange,data-th-ondurationchange}] [1000]: karate.org.thymeleaf.standard.processor.StandardDOMEventAttributeTagProcessor
[THYMELEAF]             * [* {th:onsuspend,data-th-onsuspend}] [1000]: karate.org.thymeleaf.standard.processor.StandardDOMEventAttributeTagProcessor
[THYMELEAF]             * [* {th:onstorage,data-th-onstorage}] [1000]: karate.org.thymeleaf.standard.processor.StandardDOMEventAttributeTagProcessor
[THYMELEAF]             * [* {th:onload,data-th-onload}] [1000]: karate.org.thymeleaf.standard.processor.StandardDOMEventAttributeTagProcessor
[THYMELEAF]             * [* {th:oninput,data-th-oninput}] [1000]: karate.org.thymeleaf.standard.processor.StandardDOMEventAttributeTagProcessor
[THYMELEAF]             * [* {th:oncanplaythrough,data-th-oncanplaythrough}] [1000]: karate.org.thymeleaf.standard.processor.StandardDOMEventAttributeTagProcessor
[THYMELEAF]             * [* {th:oncanplay,data-th-oncanplay}] [1000]: karate.org.thymeleaf.standard.processor.StandardDOMEventAttributeTagProcessor
[THYMELEAF]             * [* {th:onseeked,data-th-onseeked}] [1000]: karate.org.thymeleaf.standard.processor.StandardDOMEventAttributeTagProcessor
[THYMELEAF]             * [* {th:onplaying,data-th-onplaying}] [1000]: karate.org.thymeleaf.standard.processor.StandardDOMEventAttributeTagProcessor
[THYMELEAF]             * [* {th:onscroll,data-th-onscroll}] [1000]: karate.org.thymeleaf.standard.processor.StandardDOMEventAttributeTagProcessor
[THYMELEAF]             * [* {th:oncontextmenu,data-th-oncontextmenu}] [1000]: karate.org.thymeleaf.standard.processor.StandardDOMEventAttributeTagProcessor
[THYMELEAF]             * [* {th:ondragenter,data-th-ondragenter}] [1000]: karate.org.thymeleaf.standard.processor.StandardDOMEventAttributeTagProcessor
[THYMELEAF]             * [* {th:onprogress,data-th-onprogress}] [1000]: karate.org.thymeleaf.standard.processor.StandardDOMEventAttributeTagProcessor
[THYMELEAF]             * [* {th:onpopstate,data-th-onpopstate}] [1000]: karate.org.thymeleaf.standard.processor.StandardDOMEventAttributeTagProcessor
[THYMELEAF]             * [* {th:onended,data-th-onended}] [1000]: karate.org.thymeleaf.standard.processor.StandardDOMEventAttributeTagProcessor
[THYMELEAF]             * [* {th:onundo,data-th-onundo}] [1000]: karate.org.thymeleaf.standard.processor.StandardDOMEventAttributeTagProcessor
[THYMELEAF]             * [* {th:onselect,data-th-onselect}] [1000]: karate.org.thymeleaf.standard.processor.StandardDOMEventAttributeTagProcessor
[THYMELEAF]             * [* {th:onabort,data-th-onabort}] [1000]: karate.org.thymeleaf.standard.processor.StandardDOMEventAttributeTagProcessor
[THYMELEAF]             * [* {th:onloadedmetadata,data-th-onloadedmetadata}] [1000]: karate.org.thymeleaf.standard.processor.StandardDOMEventAttributeTagProcessor
[THYMELEAF]             * [* {th:onpause,data-th-onpause}] [1000]: karate.org.thymeleaf.standard.processor.StandardDOMEventAttributeTagProcessor
[THYMELEAF]             * [* {th:onstalled,data-th-onstalled}] [1000]: karate.org.thymeleaf.standard.processor.StandardDOMEventAttributeTagProcessor
[THYMELEAF]             * [* {th:onemptied,data-th-onemptied}] [1000]: karate.org.thymeleaf.standard.processor.StandardDOMEventAttributeTagProcessor
[THYMELEAF]             * [* {th:onmessage,data-th-onmessage}] [1000]: karate.org.thymeleaf.standard.processor.StandardDOMEventAttributeTagProcessor
[THYMELEAF]             * [* {th:onplay,data-th-onplay}] [1000]: karate.org.thymeleaf.standard.processor.StandardDOMEventAttributeTagProcessor
[THYMELEAF]             * [* {th:onoffline,data-th-onoffline}] [1000]: karate.org.thymeleaf.standard.processor.StandardDOMEventAttributeTagProcessor
[THYMELEAF]             * [* {th:onkeyup,data-th-onkeyup}] [1000]: karate.org.thymeleaf.standard.processor.StandardDOMEventAttributeTagProcessor
[THYMELEAF]             * [* {th:onsubmit,data-th-onsubmit}] [1000]: karate.org.thymeleaf.standard.processor.StandardDOMEventAttributeTagProcessor
[THYMELEAF]             * [* {th:onunload,data-th-onunload}] [1000]: karate.org.thymeleaf.standard.processor.StandardDOMEventAttributeTagProcessor
[THYMELEAF]             * [* {th:onclick,data-th-onclick}] [1000]: karate.org.thymeleaf.standard.processor.StandardDOMEventAttributeTagProcessor
[THYMELEAF]             * [* {th:ononline,data-th-ononline}] [1000]: karate.org.thymeleaf.standard.processor.StandardDOMEventAttributeTagProcessor
[THYMELEAF]             * [* {th:onloadeddata,data-th-onloadeddata}] [1000]: karate.org.thymeleaf.standard.processor.StandardDOMEventAttributeTagProcessor
[THYMELEAF]             * [* {th:onafterprint,data-th-onafterprint}] [1000]: karate.org.thymeleaf.standard.processor.StandardDOMEventAttributeTagProcessor
[THYMELEAF]             * [* {th:onblur,data-th-onblur}] [1000]: karate.org.thymeleaf.standard.processor.StandardDOMEventAttributeTagProcessor
[THYMELEAF]             * [* {th:onmouseover,data-th-onmouseover}] [1000]: karate.org.thymeleaf.standard.processor.StandardDOMEventAttributeTagProcessor
[THYMELEAF]             * [* {th:onkeydown,data-th-onkeydown}] [1000]: karate.org.thymeleaf.standard.processor.StandardDOMEventAttributeTagProcessor
[THYMELEAF]             * [* {th:ondragleave,data-th-ondragleave}] [1000]: karate.org.thymeleaf.standard.processor.StandardDOMEventAttributeTagProcessor
[THYMELEAF]             * [* {th:onhashchange,data-th-onhashchange}] [1000]: karate.org.thymeleaf.standard.processor.StandardDOMEventAttributeTagProcessor
[THYMELEAF]             * [* {th:onratechange,data-th-onratechange}] [1000]: karate.org.thymeleaf.standard.processor.StandardDOMEventAttributeTagProcessor
[THYMELEAF]             * [* {th:href,data-th-href}] [1000]: karate.org.thymeleaf.standard.processor.StandardHrefTagProcessor
[THYMELEAF]             * [* {th:inline,data-th-inline}] [1000]: karate.org.thymeleaf.standard.processor.StandardInlineHTMLTagProcessor
[THYMELEAF]             * [* {th:method,data-th-method}] [1000]: karate.org.thymeleaf.standard.processor.StandardMethodTagProcessor
[THYMELEAF]             * [* {th:type,data-th-type}] [1000]: karate.org.thymeleaf.standard.processor.StandardNonRemovableAttributeTagProcessor
[THYMELEAF]             * [* {th:name,data-th-name}] [1000]: karate.org.thymeleaf.standard.processor.StandardNonRemovableAttributeTagProcessor
[THYMELEAF]             * [* {th:size,data-th-size}] [1000]: karate.org.thymeleaf.standard.processor.StandardRemovableAttributeTagProcessor
[THYMELEAF]             * [* {th:archive,data-th-archive}] [1000]: karate.org.thymeleaf.standard.processor.StandardRemovableAttributeTagProcessor
[THYMELEAF]             * [* {th:sandbox,data-th-sandbox}] [1000]: karate.org.thymeleaf.standard.processor.StandardRemovableAttributeTagProcessor
[THYMELEAF]             * [* {th:scheme,data-th-scheme}] [1000]: karate.org.thymeleaf.standard.processor.StandardRemovableAttributeTagProcessor
[THYMELEAF]             * [* {th:codebase,data-th-codebase}] [1000]: karate.org.thymeleaf.standard.processor.StandardRemovableAttributeTagProcessor
[THYMELEAF]             * [* {th:vspace,data-th-vspace}] [1000]: karate.org.thymeleaf.standard.processor.StandardRemovableAttributeTagProcessor
[THYMELEAF]             * [* {th:marginwidth,data-th-marginwidth}] [1000]: karate.org.thymeleaf.standard.processor.StandardRemovableAttributeTagProcessor
[THYMELEAF]             * [* {th:rules,data-th-rules}] [1000]: karate.org.thymeleaf.standard.processor.StandardRemovableAttributeTagProcessor
[THYMELEAF]             * [* {th:low,data-th-low}] [1000]: karate.org.thymeleaf.standard.processor.StandardRemovableAttributeTagProcessor
[THYMELEAF]             * [* {th:frameborder,data-th-frameborder}] [1000]: karate.org.thymeleaf.standard.processor.StandardRemovableAttributeTagProcessor
[THYMELEAF]             * [* {th:poster,data-th-poster}] [1000]: karate.org.thymeleaf.standard.processor.StandardRemovableAttributeTagProcessor
[THYMELEAF]             * [* {th:srclang,data-th-srclang}] [1000]: karate.org.thymeleaf.standard.processor.StandardRemovableAttributeTagProcessor
[THYMELEAF]             * [* {th:usemap,data-th-usemap}] [1000]: karate.org.thymeleaf.standard.processor.StandardRemovableAttributeTagProcessor
[THYMELEAF]             * [* {th:icon,data-th-icon}] [1000]: karate.org.thymeleaf.standard.processor.StandardRemovableAttributeTagProcessor
[THYMELEAF]             * [* {th:align,data-th-align}] [1000]: karate.org.thymeleaf.standard.processor.StandardRemovableAttributeTagProcessor
[THYMELEAF]             * [* {th:wrap,data-th-wrap}] [1000]: karate.org.thymeleaf.standard.processor.StandardRemovableAttributeTagProcessor
[THYMELEAF]             * [* {th:height,data-th-height}] [1000]: karate.org.thymeleaf.standard.processor.StandardRemovableAttributeTagProcessor
[THYMELEAF]             * [* {th:hspace,data-th-hspace}] [1000]: karate.org.thymeleaf.standard.processor.StandardRemovableAttributeTagProcessor
[THYMELEAF]             * [* {th:formmethod,data-th-formmethod}] [1000]: karate.org.thymeleaf.standard.processor.StandardRemovableAttributeTagProcessor
[THYMELEAF]             * [* {th:headers,data-th-headers}] [1000]: karate.org.thymeleaf.standard.processor.StandardRemovableAttributeTagProcessor
[THYMELEAF]             * [* {th:rev,data-th-rev}] [1000]: karate.org.thymeleaf.standard.processor.StandardRemovableAttributeTagProcessor
[THYMELEAF]             * [* {th:dropzone,data-th-dropzone}] [1000]: karate.org.thymeleaf.standard.processor.StandardRemovableAttributeTagProcessor
[THYMELEAF]             * [* {th:marginheight,data-th-marginheight}] [1000]: karate.org.thymeleaf.standard.processor.StandardRemovableAttributeTagProcessor
[THYMELEAF]             * [* {th:rows,data-th-rows}] [1000]: karate.org.thymeleaf.standard.processor.StandardRemovableAttributeTagProcessor
[THYMELEAF]             * [* {th:class,data-th-class}] [1000]: karate.org.thymeleaf.standard.processor.StandardRemovableAttributeTagProcessor
[THYMELEAF]             * [* {th:axis,data-th-axis}] [1000]: karate.org.thymeleaf.standard.processor.StandardRemovableAttributeTagProcessor
[THYMELEAF]             * [* {th:label,data-th-label}] [1000]: karate.org.thymeleaf.standard.processor.StandardRemovableAttributeTagProcessor
[THYMELEAF]             * [* {th:alt,data-th-alt}] [1000]: karate.org.thymeleaf.standard.processor.StandardRemovableAttributeTagProcessor
[THYMELEAF]             * [* {th:form,data-th-form}] [1000]: karate.org.thymeleaf.standard.processor.StandardRemovableAttributeTagProcessor
[THYMELEAF]             * [* {th:tabindex,data-th-tabindex}] [1000]: karate.org.thymeleaf.standard.processor.StandardRemovableAttributeTagProcessor
[THYMELEAF]             * [* {th:start,data-th-start}] [1000]: karate.org.thymeleaf.standard.processor.StandardRemovableAttributeTagProcessor
[THYMELEAF]             * [* {th:step,data-th-step}] [1000]: karate.org.thymeleaf.standard.processor.StandardRemovableAttributeTagProcessor
[THYMELEAF]             * [* {th:spellcheck,data-th-spellcheck}] [1000]: karate.org.thymeleaf.standard.processor.StandardRemovableAttributeTagProcessor
[THYMELEAF]             * [* {th:autocomplete,data-th-autocomplete}] [1000]: karate.org.thymeleaf.standard.processor.StandardRemovableAttributeTagProcessor
[THYMELEAF]             * [* {th:accesskey,data-th-accesskey}] [1000]: karate.org.thymeleaf.standard.processor.StandardRemovableAttributeTagProcessor
[THYMELEAF]             * [* {th:content,data-th-content}] [1000]: karate.org.thymeleaf.standard.processor.StandardRemovableAttributeTagProcessor
[THYMELEAF]             * [* {th:accept-charset,data-th-accept-charset}] [1000]: karate.org.thymeleaf.standard.processor.StandardRemovableAttributeTagProcessor
[THYMELEAF]             * [* {th:challenge,data-th-challenge}] [1000]: karate.org.thymeleaf.standard.processor.StandardRemovableAttributeTagProcessor
[THYMELEAF]             * [* {th:abbr,data-th-abbr}] [1000]: karate.org.thymeleaf.standard.processor.StandardRemovableAttributeTagProcessor
[THYMELEAF]             * [* {th:accept,data-th-accept}] [1000]: karate.org.thymeleaf.standard.processor.StandardRemovableAttributeTagProcessor
[THYMELEAF]             * [* {th:lang,data-th-lang}] [1000]: karate.org.thymeleaf.standard.processor.StandardRemovableAttributeTagProcessor
[THYMELEAF]             * [* {th:max,data-th-max}] [1000]: karate.org.thymeleaf.standard.processor.StandardRemovableAttributeTagProcessor
[THYMELEAF]             * [* {th:title,data-th-title}] [1000]: karate.org.thymeleaf.standard.processor.StandardRemovableAttributeTagProcessor
[THYMELEAF]             * [* {th:cite,data-th-cite}] [1000]: karate.org.thymeleaf.standard.processor.StandardRemovableAttributeTagProcessor
[THYMELEAF]             * [* {th:style,data-th-style}] [1000]: karate.org.thymeleaf.standard.processor.StandardRemovableAttributeTagProcessor
[THYMELEAF]             * [* {th:enctype,data-th-enctype}] [1000]: karate.org.thymeleaf.standard.processor.StandardRemovableAttributeTagProcessor
[THYMELEAF]             * [* {th:frame,data-th-frame}] [1000]: karate.org.thymeleaf.standard.processor.StandardRemovableAttributeTagProcessor
[THYMELEAF]             * [* {th:longdesc,data-th-longdesc}] [1000]: karate.org.thymeleaf.standard.processor.StandardRemovableAttributeTagProcessor
[THYMELEAF]             * [* {th:formaction,data-th-formaction}] [1000]: karate.org.thymeleaf.standard.processor.StandardRemovableAttributeTagProcessor
[THYMELEAF]             * [* {th:target,data-th-target}] [1000]: karate.org.thymeleaf.standard.processor.StandardRemovableAttributeTagProcessor
[THYMELEAF]             * [* {th:media,data-th-media}] [1000]: karate.org.thymeleaf.standard.processor.StandardRemovableAttributeTagProcessor
[THYMELEAF]             * [* {th:list,data-th-list}] [1000]: karate.org.thymeleaf.standard.processor.StandardRemovableAttributeTagProcessor
[THYMELEAF]             * [* {th:codetype,data-th-codetype}] [1000]: karate.org.thymeleaf.standard.processor.StandardRemovableAttributeTagProcessor
[THYMELEAF]             * [* {th:sizes,data-th-sizes}] [1000]: karate.org.thymeleaf.standard.processor.StandardRemovableAttributeTagProcessor
[THYMELEAF]             * [* {th:contextmenu,data-th-contextmenu}] [1000]: karate.org.thymeleaf.standard.processor.StandardRemovableAttributeTagProcessor
[THYMELEAF]             * [* {th:manifest,data-th-manifest}] [1000]: karate.org.thymeleaf.standard.processor.StandardRemovableAttributeTagProcessor
[THYMELEAF]             * [* {th:width,data-th-width}] [1000]: karate.org.thymeleaf.standard.processor.StandardRemovableAttributeTagProcessor
[THYMELEAF]             * [* {th:border,data-th-border}] [1000]: karate.org.thymeleaf.standard.processor.StandardRemovableAttributeTagProcessor
[THYMELEAF]             * [* {th:bgcolor,data-th-bgcolor}] [1000]: karate.org.thymeleaf.standard.processor.StandardRemovableAttributeTagProcessor
[THYMELEAF]             * [* {th:preload,data-th-preload}] [1000]: karate.org.thymeleaf.standard.processor.StandardRemovableAttributeTagProcessor
[THYMELEAF]             * [* {th:placeholder,data-th-placeholder}] [1000]: karate.org.thymeleaf.standard.processor.StandardRemovableAttributeTagProcessor
[THYMELEAF]             * [* {th:classid,data-th-classid}] [1000]: karate.org.thymeleaf.standard.processor.StandardRemovableAttributeTagProcessor
[THYMELEAF]             * [* {th:cellspacing,data-th-cellspacing}] [1000]: karate.org.thymeleaf.standard.processor.StandardRemovableAttributeTagProcessor
[THYMELEAF]             * [* {th:high,data-th-high}] [1000]: karate.org.thymeleaf.standard.processor.StandardRemovableAttributeTagProcessor
[THYMELEAF]             * [* {th:data,data-th-data}] [1000]: karate.org.thymeleaf.standard.processor.StandardRemovableAttributeTagProcessor
[THYMELEAF]             * [* {th:rel,data-th-rel}] [1000]: karate.org.thymeleaf.standard.processor.StandardRemovableAttributeTagProcessor
[THYMELEAF]             * [* {th:optimum,data-th-optimum}] [1000]: karate.org.thymeleaf.standard.processor.StandardRemovableAttributeTagProcessor
[THYMELEAF]             * [* {th:keytype,data-th-keytype}] [1000]: karate.org.thymeleaf.standard.processor.StandardRemovableAttributeTagProcessor
[THYMELEAF]             * [* {th:rowspan,data-th-rowspan}] [1000]: karate.org.thymeleaf.standard.processor.StandardRemovableAttributeTagProcessor
[THYMELEAF]             * [* {th:standby,data-th-standby}] [1000]: karate.org.thymeleaf.standard.processor.StandardRemovableAttributeTagProcessor
[THYMELEAF]             * [* {th:hreflang,data-th-hreflang}] [1000]: karate.org.thymeleaf.standard.processor.StandardRemovableAttributeTagProcessor
[THYMELEAF]             * [* {th:cols,data-th-cols}] [1000]: karate.org.thymeleaf.standard.processor.StandardRemovableAttributeTagProcessor
[THYMELEAF]             * [* {th:colspan,data-th-colspan}] [1000]: karate.org.thymeleaf.standard.processor.StandardRemovableAttributeTagProcessor
[THYMELEAF]             * [* {th:dir,data-th-dir}] [1000]: karate.org.thymeleaf.standard.processor.StandardRemovableAttributeTagProcessor
[THYMELEAF]             * [* {th:audio,data-th-audio}] [1000]: karate.org.thymeleaf.standard.processor.StandardRemovableAttributeTagProcessor
[THYMELEAF]             * [* {th:maxlength,data-th-maxlength}] [1000]: karate.org.thymeleaf.standard.processor.StandardRemovableAttributeTagProcessor
[THYMELEAF]             * [* {th:charset,data-th-charset}] [1000]: karate.org.thymeleaf.standard.processor.StandardRemovableAttributeTagProcessor
[THYMELEAF]             * [* {th:scrolling,data-th-scrolling}] [1000]: karate.org.thymeleaf.standard.processor.StandardRemovableAttributeTagProcessor
[THYMELEAF]             * [* {th:kind,data-th-kind}] [1000]: karate.org.thymeleaf.standard.processor.StandardRemovableAttributeTagProcessor
[THYMELEAF]             * [* {th:id,data-th-id}] [1000]: karate.org.thymeleaf.standard.processor.StandardRemovableAttributeTagProcessor
[THYMELEAF]             * [* {th:background,data-th-background}] [1000]: karate.org.thymeleaf.standard.processor.StandardRemovableAttributeTagProcessor
[THYMELEAF]             * [* {th:formtarget,data-th-formtarget}] [1000]: karate.org.thymeleaf.standard.processor.StandardRemovableAttributeTagProcessor
[THYMELEAF]             * [* {th:span,data-th-span}] [1000]: karate.org.thymeleaf.standard.processor.StandardRemovableAttributeTagProcessor
[THYMELEAF]             * [* {th:summary,data-th-summary}] [1000]: karate.org.thymeleaf.standard.processor.StandardRemovableAttributeTagProcessor
[THYMELEAF]             * [* {th:min,data-th-min}] [1000]: karate.org.thymeleaf.standard.processor.StandardRemovableAttributeTagProcessor
[THYMELEAF]             * [* {th:formenctype,data-th-formenctype}] [1000]: karate.org.thymeleaf.standard.processor.StandardRemovableAttributeTagProcessor
[THYMELEAF]             * [* {th:draggable,data-th-draggable}] [1000]: karate.org.thymeleaf.standard.processor.StandardRemovableAttributeTagProcessor
[THYMELEAF]             * [* {th:for,data-th-for}] [1000]: karate.org.thymeleaf.standard.processor.StandardRemovableAttributeTagProcessor
[THYMELEAF]             * [* {th:scope,data-th-scope}] [1000]: karate.org.thymeleaf.standard.processor.StandardRemovableAttributeTagProcessor
[THYMELEAF]             * [* {th:compact,data-th-compact}] [1000]: karate.org.thymeleaf.standard.processor.StandardRemovableAttributeTagProcessor
[THYMELEAF]             * [* {th:cellpadding,data-th-cellpadding}] [1000]: karate.org.thymeleaf.standard.processor.StandardRemovableAttributeTagProcessor
[THYMELEAF]             * [* {th:valuetype,data-th-valuetype}] [1000]: karate.org.thymeleaf.standard.processor.StandardRemovableAttributeTagProcessor
[THYMELEAF]             * [* {th:pattern,data-th-pattern}] [1000]: karate.org.thymeleaf.standard.processor.StandardRemovableAttributeTagProcessor
[THYMELEAF]             * [* {th:contenteditable,data-th-contenteditable}] [1000]: karate.org.thymeleaf.standard.processor.StandardRemovableAttributeTagProcessor
[THYMELEAF]             * [* {th:http-equiv,data-th-http-equiv}] [1000]: karate.org.thymeleaf.standard.processor.StandardRemovableAttributeTagProcessor
[THYMELEAF]             * [* {th:datetime,data-th-datetime}] [1000]: karate.org.thymeleaf.standard.processor.StandardRemovableAttributeTagProcessor
[THYMELEAF]             * [* {th:radiogroup,data-th-radiogroup}] [1000]: karate.org.thymeleaf.standard.processor.StandardRemovableAttributeTagProcessor
[THYMELEAF]             * [* {th:src,data-th-src}] [1000]: karate.org.thymeleaf.standard.processor.StandardSrcTagProcessor
[THYMELEAF]             * [* {th:value,data-th-value}] [1000]: karate.org.thymeleaf.standard.processor.StandardValueTagProcessor
[THYMELEAF]             * [* {th:xmlbase,data-th-xmlbase}] [1000]: karate.org.thymeleaf.standard.processor.StandardXmlBaseTagProcessor
[THYMELEAF]             * [* {th:xmllang,data-th-xmllang}] [1000]: karate.org.thymeleaf.standard.processor.StandardXmlLangTagProcessor
[THYMELEAF]             * [* {xmlns:th}] [1000]: karate.org.thymeleaf.standard.processor.StandardXmlNsTagProcessor
[THYMELEAF]             * [* {th:xmlspace,data-th-xmlspace}] [1000]: karate.org.thymeleaf.standard.processor.StandardXmlSpaceTagProcessor
[THYMELEAF]             * [* {th:classappend,data-th-classappend}] [1100]: karate.org.thymeleaf.standard.processor.StandardClassappendTagProcessor
[THYMELEAF]             * [* {th:styleappend,data-th-styleappend}] [1100]: karate.org.thymeleaf.standard.processor.StandardStyleappendTagProcessor
[THYMELEAF]             * [* {th:text,data-th-text}] [1300]: karate.org.thymeleaf.standard.processor.StandardTextTagProcessor
[THYMELEAF]             * [* {th:utext,data-th-utext}] [1400]: karate.org.thymeleaf.standard.processor.StandardUtextTagProcessor
[THYMELEAF]             * [* {th:fragment,data-th-fragment}] [1500]: karate.org.thymeleaf.standard.processor.StandardFragmentTagProcessor
[THYMELEAF]             * [* {th:assert,data-th-assert}] [1550]: karate.org.thymeleaf.standard.processor.StandardAssertTagProcessor
[THYMELEAF]             * [* {th:remove,data-th-remove}] [1600]: karate.org.thymeleaf.standard.processor.StandardRemoveTagProcessor
[THYMELEAF]             * [* {th:ref,data-th-ref}] [10000]: karate.org.thymeleaf.standard.processor.StandardRefAttributeTagProcessor
[THYMELEAF]             * [{th:block,th-block} *] [100000]: karate.org.thymeleaf.standard.processor.StandardBlockTagProcessor
[THYMELEAF]             * [* th:*] [2147483647]: karate.org.thymeleaf.standard.processor.StandardDefaultAttributesTagProcessor
[THYMELEAF]         * Text Processors by [precedence]:
[THYMELEAF]             * [1000]: karate.org.thymeleaf.standard.processor.StandardInliningTextProcessor
[THYMELEAF]         * DOCTYPE Processors by [precedence]:
[THYMELEAF]             * [1000]: karate.org.thymeleaf.standard.processor.StandardTranslationDocTypeProcessor
[THYMELEAF]         * CDATA Section Processors by [precedence]:
[THYMELEAF]             * [1000]: karate.org.thymeleaf.standard.processor.StandardInliningCDATASectionProcessor
[THYMELEAF]         * Comment Processors by [precedence]:
[THYMELEAF]             * [1000]: karate.org.thymeleaf.standard.processor.StandardInliningCommentProcessor
[THYMELEAF]             * [1100]: karate.org.thymeleaf.standard.processor.StandardConditionalCommentProcessor
[THYMELEAF]     * Processors for Template Mode: XML
[THYMELEAF]         * Element Tag Processors by [matching element and attribute name] [precedence]:
[THYMELEAF]             * [* {th:include}] [100]: karate.org.thymeleaf.standard.processor.StandardIncludeTagProcessor
[THYMELEAF]             * [* {th:insert}] [100]: karate.org.thymeleaf.standard.processor.StandardInsertTagProcessor
[THYMELEAF]             * [* {th:replace}] [100]: karate.org.thymeleaf.standard.processor.StandardReplaceTagProcessor
[THYMELEAF]             * [* {th:substituteby}] [100]: karate.org.thymeleaf.standard.processor.StandardSubstituteByTagProcessor
[THYMELEAF]             * [* {th:each}] [200]: com.intuit.karate.template.KarateEachTagProcessor
[THYMELEAF]             * [* {th:switch}] [250]: karate.org.thymeleaf.standard.processor.StandardSwitchTagProcessor
[THYMELEAF]             * [* {th:case}] [275]: karate.org.thymeleaf.standard.processor.StandardCaseTagProcessor
[THYMELEAF]             * [* {th:if}] [300]: karate.org.thymeleaf.standard.processor.StandardIfTagProcessor
[THYMELEAF]             * [* {th:unless}] [400]: karate.org.thymeleaf.standard.processor.StandardUnlessTagProcessor
[THYMELEAF]             * [* {th:object}] [500]: karate.org.thymeleaf.standard.processor.StandardObjectTagProcessor
[THYMELEAF]             * [* {th:with}] [600]: com.intuit.karate.template.KarateWithTagProcessor
[THYMELEAF]             * [* {th:attr}] [700]: com.intuit.karate.template.KarateAttributeTagProcessor.KarateAttrTagProcessor
[THYMELEAF]             * [* {th:attrappend}] [900]: com.intuit.karate.template.KarateAttributeTagProcessor.KarateAttrappendTagProcessor
[THYMELEAF]             * [* {th:attrprepend}] [900]: com.intuit.karate.template.KarateAttributeTagProcessor.KarateAttrprependTagProcessor
[THYMELEAF]             * [* {th:inline}] [1000]: karate.org.thymeleaf.standard.processor.StandardInlineXMLTagProcessor
[THYMELEAF]             * [* {xmlns:th}] [1000]: karate.org.thymeleaf.standard.processor.StandardXmlNsTagProcessor
[THYMELEAF]             * [* {th:text}] [1300]: karate.org.thymeleaf.standard.processor.StandardTextTagProcessor
[THYMELEAF]             * [* {th:utext}] [1400]: karate.org.thymeleaf.standard.processor.StandardUtextTagProcessor
[THYMELEAF]             * [* {th:fragment}] [1500]: karate.org.thymeleaf.standard.processor.StandardFragmentTagProcessor
[THYMELEAF]             * [* {th:assert}] [1550]: karate.org.thymeleaf.standard.processor.StandardAssertTagProcessor
[THYMELEAF]             * [* {th:remove}] [1600]: karate.org.thymeleaf.standard.processor.StandardRemoveTagProcessor
[THYMELEAF]             * [* {th:ref}] [10000]: karate.org.thymeleaf.standard.processor.StandardRefAttributeTagProcessor
[THYMELEAF]             * [{th:block} *] [100000]: karate.org.thymeleaf.standard.processor.StandardBlockTagProcessor
[THYMELEAF]             * [* th:*] [2147483647]: karate.org.thymeleaf.standard.processor.StandardDefaultAttributesTagProcessor
[THYMELEAF]         * Text Processors by [precedence]:
[THYMELEAF]             * [1000]: karate.org.thymeleaf.standard.processor.StandardInliningTextProcessor
[THYMELEAF]         * CDATA Section Processors by [precedence]:
[THYMELEAF]             * [1000]: karate.org.thymeleaf.standard.processor.StandardInliningCDATASectionProcessor
[THYMELEAF]         * Comment Processors by [precedence]:
[THYMELEAF]             * [1000]: karate.org.thymeleaf.standard.processor.StandardInliningCommentProcessor
[...]
17:27:26.825 [Test worker] DEBUG org.apache.velocity.macro - added VM includeLead: source=org.apache.velocity.Template@3ae126d1
17:27:26.825 [Test worker] DEBUG org.apache.velocity.loader - ResourceManager: found /templates/macros/page/lead.vm with loader org.apache.velocity.runtime.resource.loader.ClasspathResourceLoader
17:27:26.826 [Test worker] DEBUG org.apache.velocity.macro - added VM includeNavigation: source=org.apache.velocity.Template@65ddee5a
17:27:26.827 [Test worker] DEBUG org.apache.velocity.loader - ResourceManager: found /templates/macros/page/navigation.vm with loader org.apache.velocity.runtime.resource.loader.ClasspathResourceLoader
17:27:26.828 [Test worker] DEBUG org.apache.velocity.macro - added VM includeReportInfo: source=org.apache.velocity.Template@43fda8d9
17:27:26.828 [Test worker] DEBUG org.apache.velocity.loader - ResourceManager: found /templates/macros/page/reportInfo.vm with loader org.apache.velocity.runtime.resource.loader.ClasspathResourceLoader
17:27:26.830 [Test worker] DEBUG org.apache.velocity.macro - added VM includeTitle: source=org.apache.velocity.Template@28bdbe88
17:27:26.832 [Test worker] DEBUG org.apache.velocity.loader - ResourceManager: found /templates/macros/page/title.vm with loader org.apache.velocity.runtime.resource.loader.ClasspathResourceLoader
17:27:26.834 [Test worker] DEBUG org.apache.velocity.macro - added VM includeExpandingButtons: source=org.apache.velocity.Template@600f5704
17:27:26.834 [Test worker] DEBUG org.apache.velocity.loader - ResourceManager: found /templates/macros/report/expandAllButtons.vm with loader org.apache.velocity.runtime.resource.loader.ClasspathResourceLoader
17:27:26.836 [Test worker] DEBUG org.apache.velocity.macro - added VM includeReportTable: source=org.apache.velocity.Template@5e1fc42f
17:27:26.837 [Test worker] DEBUG org.apache.velocity.loader - ResourceManager: found /templates/macros/report/reportTable.vm with loader org.apache.velocity.runtime.resource.loader.ClasspathResourceLoader
17:27:26.838 [Test worker] DEBUG org.apache.velocity.macro - added VM includeReportHeader: source=org.apache.velocity.Template@6296474f
17:27:26.838 [Test worker] DEBUG org.apache.velocity.loader - ResourceManager: found /templates/macros/report/reportHeader.vm with loader org.apache.velocity.runtime.resource.loader.ClasspathResourceLoader
17:27:26.844 [Test worker] DEBUG org.apache.velocity.macro - added VM includeStatsTable: source=org.apache.velocity.Template@285c6918
17:27:26.844 [Test worker] DEBUG org.apache.velocity.loader - ResourceManager: found /templates/macros/report/statsTable.vm with loader org.apache.velocity.runtime.resource.loader.ClasspathResourceLoader
17:27:26.845 [Test worker] DEBUG org.apache.velocity.macro - added VM includeBrief: source=org.apache.velocity.Template@79b2852b
17:27:26.846 [Test worker] DEBUG org.apache.velocity.loader - ResourceManager: found /templates/macros/json/brief.vm with loader org.apache.velocity.runtime.resource.loader.ClasspathResourceLoader
17:27:26.850 [Test worker] DEBUG org.apache.velocity.macro - added VM includeDocString: source=org.apache.velocity.Template@313f8301
17:27:26.851 [Test worker] DEBUG org.apache.velocity.loader - ResourceManager: found /templates/macros/json/docstring.vm with loader org.apache.velocity.runtime.resource.loader.ClasspathResourceLoader
17:27:26.853 [Test worker] DEBUG org.apache.velocity.macro - added VM includeDuration: source=org.apache.velocity.Template@661d88a
17:27:26.854 [Test worker] DEBUG org.apache.velocity.loader - ResourceManager: found /templates/macros/json/duration.vm with loader org.apache.velocity.runtime.resource.loader.ClasspathResourceLoader
17:27:26.860 [Test worker] DEBUG org.apache.velocity.macro - added VM includeElement: source=org.apache.velocity.Template@4860827a
17:27:26.861 [Test worker] DEBUG org.apache.velocity.loader - ResourceManager: found /templates/macros/json/element.vm with loader org.apache.velocity.runtime.resource.loader.ClasspathResourceLoader
17:27:26.873 [Test worker] DEBUG org.apache.velocity.macro - added VM includeEmbeddings: source=org.apache.velocity.Template@7add838c
17:27:26.874 [Test worker] DEBUG org.apache.velocity.macro - added VM includeHtmlEmbedding: source=org.apache.velocity.Template@7add838c
17:27:26.874 [Test worker] DEBUG org.apache.velocity.macro - added VM includeVideoEmbedding: source=org.apache.velocity.Template@7add838c
17:27:26.874 [Test worker] DEBUG org.apache.velocity.macro - added VM includeImageEmbedding: source=org.apache.velocity.Template@7add838c
17:27:26.875 [Test worker] DEBUG org.apache.velocity.macro - added VM includeImageReferenceEmbedding: source=org.apache.velocity.Template@7add838c
17:27:26.875 [Test worker] DEBUG org.apache.velocity.macro - added VM includeTextEmbedding: source=org.apache.velocity.Template@7add838c
17:27:26.875 [Test worker] DEBUG org.apache.velocity.macro - added VM includeUnknownEmbedding: source=org.apache.velocity.Template@7add838c
17:27:26.875 [Test worker] DEBUG org.apache.velocity.loader - ResourceManager: found /templates/macros/json/embeddings.vm with loader org.apache.velocity.runtime.resource.loader.ClasspathResourceLoader
17:27:26.879 [Test worker] DEBUG org.apache.velocity.macro - added VM includeHooks: source=org.apache.velocity.Template@4fa822ad
17:27:26.879 [Test worker] DEBUG org.apache.velocity.loader - ResourceManager: found /templates/macros/json/hooks.vm with loader org.apache.velocity.runtime.resource.loader.ClasspathResourceLoader
17:27:26.885 [Test worker] DEBUG org.apache.velocity.macro - added VM includeOutput: source=org.apache.velocity.Template@6b6b3572
17:27:26.885 [Test worker] DEBUG org.apache.velocity.loader - ResourceManager: found /templates/macros/json/output.vm with loader org.apache.velocity.runtime.resource.loader.ClasspathResourceLoader
17:27:26.886 [Test worker] DEBUG org.apache.velocity.macro - added VM includeMessage: source=org.apache.velocity.Template@303f1234
17:27:26.886 [Test worker] DEBUG org.apache.velocity.loader - ResourceManager: found /templates/macros/json/message.vm with loader org.apache.velocity.runtime.resource.loader.ClasspathResourceLoader
17:27:26.889 [Test worker] DEBUG org.apache.velocity.macro - added VM includeSteps: source=org.apache.velocity.Template@1f1e58ca
17:27:26.889 [Test worker] DEBUG org.apache.velocity.loader - ResourceManager: found /templates/macros/json/steps.vm with loader org.apache.velocity.runtime.resource.loader.ClasspathResourceLoader
17:27:26.891 [Test worker] DEBUG org.apache.velocity.macro - added VM includeStepName: source=org.apache.velocity.Template@553bc36c
17:27:26.891 [Test worker] DEBUG org.apache.velocity.loader - ResourceManager: found /templates/macros/json/stepName.vm with loader org.apache.velocity.runtime.resource.loader.ClasspathResourceLoader
17:27:26.892 [Test worker] DEBUG org.apache.velocity.macro - added VM includeTags: source=org.apache.velocity.Template@95eb320
17:27:26.892 [Test worker] DEBUG org.apache.velocity.loader - ResourceManager: found /templates/macros/json/tags.vm with loader org.apache.velocity.runtime.resource.loader.ClasspathResourceLoader
17:27:26.895 [Test worker] DEBUG org.apache.velocity.loader - ResourceManager: found /templates/footer.vm with loader org.apache.velocity.runtime.resource.loader.ClasspathResourceLoader
17:27:26.899 [Test worker] DEBUG org.apache.velocity - Initializing Velocity, Calling init()...
17:27:26.899 [Test worker] DEBUG org.apache.velocity - Starting Apache Velocity v2.3
17:27:26.905 [Test worker] DEBUG org.apache.velocity - Default Properties resource: org/apache/velocity/runtime/defaults/velocity.properties
17:27:26.906 [Test worker] DEBUG org.apache.velocity - ResourceLoader instantiated: org.apache.velocity.runtime.resource.loader.ClasspathResourceLoader
17:27:26.906 [Test worker] DEBUG org.apache.velocity - initialized (class org.apache.velocity.runtime.resource.ResourceCacheImpl) with class java.util.Collections$SynchronizedMap cache map.
17:27:26.907 [Test worker] DEBUG org.apache.velocity - Loaded System Directive: org.apache.velocity.runtime.directive.Stop
17:27:26.907 [Test worker] DEBUG org.apache.velocity - Loaded System Directive: org.apache.velocity.runtime.directive.Define
17:27:26.907 [Test worker] DEBUG org.apache.velocity - Loaded System Directive: org.apache.velocity.runtime.directive.Break
17:27:26.907 [Test worker] DEBUG org.apache.velocity - Loaded System Directive: org.apache.velocity.runtime.directive.Evaluate
17:27:26.907 [Test worker] DEBUG org.apache.velocity - Loaded System Directive: org.apache.velocity.runtime.directive.Macro
17:27:26.907 [Test worker] DEBUG org.apache.velocity - Loaded System Directive: org.apache.velocity.runtime.directive.Parse
17:27:26.907 [Test worker] DEBUG org.apache.velocity - Loaded System Directive: org.apache.velocity.runtime.directive.Include
17:27:26.907 [Test worker] DEBUG org.apache.velocity - Loaded System Directive: org.apache.velocity.runtime.directive.Foreach
17:27:26.917 [Test worker] DEBUG org.apache.velocity.parser - Created '20' parsers.
17:27:26.918 [Test worker] DEBUG org.apache.velocity.macro - "velocimacro.library.path" is not set. Trying default library: velocimacros.vtl
17:27:26.918 [Test worker] DEBUG org.apache.velocity.loader.class - Could not load resource 'velocimacros.vtl' from ResourceLoader org.apache.velocity.runtime.resource.loader.ClasspathResourceLoader
17:27:26.918 [Test worker] DEBUG org.apache.velocity.macro - Default library velocimacros.vtl not found. Trying old default library: VM_global_library.vm
17:27:26.918 [Test worker] DEBUG org.apache.velocity.loader.class - Could not load resource 'VM_global_library.vm' from ResourceLoader org.apache.velocity.runtime.resource.loader.ClasspathResourceLoader
17:27:26.918 [Test worker] DEBUG org.apache.velocity.macro - Old default library VM_global_library.vm not found.
17:27:26.918 [Test worker] DEBUG org.apache.velocity.macro - allowInline = true: VMs can be defined inline in templates
17:27:26.919 [Test worker] DEBUG org.apache.velocity.macro - allowInlineToOverride = false: VMs defined inline may NOT replace previous VM definitions
17:27:26.919 [Test worker] DEBUG org.apache.velocity.macro - allowInlineLocal = false: VMs defined inline will be global in scope if allowed.
17:27:26.919 [Test worker] DEBUG org.apache.velocity.macro - autoload off: VM system will not automatically reload global library macros
17:27:26.922 [Test worker] DEBUG org.apache.velocity.loader - ResourceManager: found templates/generators/overviewFailures.vm with loader org.apache.velocity.runtime.resource.loader.ClasspathResourceLoader
17:27:26.929 [Test worker] DEBUG org.apache.velocity.loader - ResourceManager: found /templates/headers.vm with loader org.apache.velocity.runtime.resource.loader.ClasspathResourceLoader
17:27:26.930 [Test worker] DEBUG org.apache.velocity.loader - ResourceManager: found /templates/head.vm with loader org.apache.velocity.runtime.resource.loader.ClasspathResourceLoader
17:27:26.931 [Test worker] DEBUG org.apache.velocity.macro - added VM stringArray: source=org.apache.velocity.Template@6f9c5048
17:27:26.931 [Test worker] DEBUG org.apache.velocity.macro - added VM numberArray: source=org.apache.velocity.Template@6f9c5048
17:27:26.931 [Test worker] DEBUG org.apache.velocity.loader - ResourceManager: found /templates/macros/array.js.vm with loader org.apache.velocity.runtime.resource.loader.ClasspathResourceLoader
17:27:26.933 [Test worker] DEBUG org.apache.velocity.macro - added VM includeBuildInfo: source=org.apache.velocity.Template@767f6ee7
17:27:26.933 [Test worker] DEBUG org.apache.velocity.loader - ResourceManager: found /templates/macros/page/buildinfo.vm with loader org.apache.velocity.runtime.resource.loader.ClasspathResourceLoader
17:27:26.934 [Test worker] DEBUG org.apache.velocity.macro - added VM includeClassifications: source=org.apache.velocity.Template@3a894088
17:27:26.934 [Test worker] DEBUG org.apache.velocity.loader - ResourceManager: found /templates/macros/page/classifications.vm with loader org.apache.velocity.runtime.resource.loader.ClasspathResourceLoader
17:27:26.935 [Test worker] DEBUG org.apache.velocity.macro - added VM includeLead: source=org.apache.velocity.Template@3206174f
17:27:26.935 [Test worker] DEBUG org.apache.velocity.loader - ResourceManager: found /templates/macros/page/lead.vm with loader org.apache.velocity.runtime.resource.loader.ClasspathResourceLoader
17:27:26.936 [Test worker] DEBUG org.apache.velocity.macro - added VM includeNavigation: source=org.apache.velocity.Template@65e0b505
17:27:26.936 [Test worker] DEBUG org.apache.velocity.loader - ResourceManager: found /templates/macros/page/navigation.vm with loader org.apache.velocity.runtime.resource.loader.ClasspathResourceLoader
17:27:26.937 [Test worker] DEBUG org.apache.velocity.macro - added VM includeReportInfo: source=org.apache.velocity.Template@34aeacd1
17:27:26.937 [Test worker] DEBUG org.apache.velocity.loader - ResourceManager: found /templates/macros/page/reportInfo.vm with loader org.apache.velocity.runtime.resource.loader.ClasspathResourceLoader
17:27:26.938 [Test worker] DEBUG org.apache.velocity.macro - added VM includeTitle: source=org.apache.velocity.Template@43aeb5e0
17:27:26.939 [Test worker] DEBUG org.apache.velocity.loader - ResourceManager: found /templates/macros/page/title.vm with loader org.apache.velocity.runtime.resource.loader.ClasspathResourceLoader
17:27:26.943 [Test worker] DEBUG org.apache.velocity.macro - added VM includeExpandingButtons: source=org.apache.velocity.Template@63cd2cd2
17:27:26.943 [Test worker] DEBUG org.apache.velocity.loader - ResourceManager: found /templates/macros/report/expandAllButtons.vm with loader org.apache.velocity.runtime.resource.loader.ClasspathResourceLoader
17:27:26.945 [Test worker] DEBUG org.apache.velocity.macro - added VM includeReportTable: source=org.apache.velocity.Template@49c17ba4
17:27:26.945 [Test worker] DEBUG org.apache.velocity.loader - ResourceManager: found /templates/macros/report/reportTable.vm with loader org.apache.velocity.runtime.resource.loader.ClasspathResourceLoader
17:27:26.946 [Test worker] DEBUG org.apache.velocity.macro - added VM includeReportHeader: source=org.apache.velocity.Template@5853ca50
17:27:26.946 [Test worker] DEBUG org.apache.velocity.loader - ResourceManager: found /templates/macros/report/reportHeader.vm with loader org.apache.velocity.runtime.resource.loader.ClasspathResourceLoader
17:27:26.949 [Test worker] DEBUG org.apache.velocity.macro - added VM includeStatsTable: source=org.apache.velocity.Template@7a3e5cd3
17:27:26.949 [Test worker] DEBUG org.apache.velocity.loader - ResourceManager: found /templates/macros/report/statsTable.vm with loader org.apache.velocity.runtime.resource.loader.ClasspathResourceLoader
17:27:26.950 [Test worker] DEBUG org.apache.velocity.macro - added VM includeBrief: source=org.apache.velocity.Template@5854a18
17:27:26.950 [Test worker] DEBUG org.apache.velocity.loader - ResourceManager: found /templates/macros/json/brief.vm with loader org.apache.velocity.runtime.resource.loader.ClasspathResourceLoader
17:27:26.951 [Test worker] DEBUG org.apache.velocity.macro - added VM includeDocString: source=org.apache.velocity.Template@b112b13
17:27:26.951 [Test worker] DEBUG org.apache.velocity.loader - ResourceManager: found /templates/macros/json/docstring.vm with loader org.apache.velocity.runtime.resource.loader.ClasspathResourceLoader
17:27:26.952 [Test worker] DEBUG org.apache.velocity.macro - added VM includeDuration: source=org.apache.velocity.Template@1abebef3
17:27:26.952 [Test worker] DEBUG org.apache.velocity.loader - ResourceManager: found /templates/macros/json/duration.vm with loader org.apache.velocity.runtime.resource.loader.ClasspathResourceLoader
17:27:26.953 [Test worker] DEBUG org.apache.velocity.macro - added VM includeElement: source=org.apache.velocity.Template@5fbe155
17:27:26.954 [Test worker] DEBUG org.apache.velocity.loader - ResourceManager: found /templates/macros/json/element.vm with loader org.apache.velocity.runtime.resource.loader.ClasspathResourceLoader
17:27:26.970 [Test worker] DEBUG org.apache.velocity.macro - added VM includeEmbeddings: source=org.apache.velocity.Template@48904d5a
17:27:26.972 [Test worker] DEBUG org.apache.velocity.macro - added VM includeHtmlEmbedding: source=org.apache.velocity.Template@48904d5a
17:27:26.974 [Test worker] DEBUG org.apache.velocity.macro - added VM includeVideoEmbedding: source=org.apache.velocity.Template@48904d5a
17:27:26.975 [Test worker] DEBUG org.apache.velocity.macro - added VM includeImageEmbedding: source=org.apache.velocity.Template@48904d5a
17:27:26.975 [Test worker] DEBUG org.apache.velocity.macro - added VM includeImageReferenceEmbedding: source=org.apache.velocity.Template@48904d5a
17:27:26.976 [Test worker] DEBUG org.apache.velocity.macro - added VM includeTextEmbedding: source=org.apache.velocity.Template@48904d5a
17:27:26.976 [Test worker] DEBUG org.apache.velocity.macro - added VM includeUnknownEmbedding: source=org.apache.velocity.Template@48904d5a
17:27:26.976 [Test worker] DEBUG org.apache.velocity.loader - ResourceManager: found /templates/macros/json/embeddings.vm with loader org.apache.velocity.runtime.resource.loader.ClasspathResourceLoader
17:27:26.980 [Test worker] DEBUG org.apache.velocity.macro - added VM includeHooks: source=org.apache.velocity.Template@59b65dce
17:27:26.980 [Test worker] DEBUG org.apache.velocity.loader - ResourceManager: found /templates/macros/json/hooks.vm with loader org.apache.velocity.runtime.resource.loader.ClasspathResourceLoader
17:27:26.983 [Test worker] DEBUG org.apache.velocity.macro - added VM includeOutput: source=org.apache.velocity.Template@433c6abb
17:27:26.983 [Test worker] DEBUG org.apache.velocity.loader - ResourceManager: found /templates/macros/json/output.vm with loader org.apache.velocity.runtime.resource.loader.ClasspathResourceLoader
17:27:26.985 [Test worker] DEBUG org.apache.velocity.macro - added VM includeMessage: source=org.apache.velocity.Template@45cd7bc5
17:27:26.985 [Test worker] DEBUG org.apache.velocity.loader - ResourceManager: found /templates/macros/json/message.vm with loader org.apache.velocity.runtime.resource.loader.ClasspathResourceLoader
17:27:26.988 [Test worker] DEBUG org.apache.velocity.macro - added VM includeSteps: source=org.apache.velocity.Template@29fa6b65
17:27:26.989 [Test worker] DEBUG org.apache.velocity.loader - ResourceManager: found /templates/macros/json/steps.vm with loader org.apache.velocity.runtime.resource.loader.ClasspathResourceLoader
17:27:26.998 [Test worker] DEBUG org.apache.velocity.macro - added VM includeStepName: source=org.apache.velocity.Template@61ecbee9
17:27:27.000 [Test worker] DEBUG org.apache.velocity.loader - ResourceManager: found /templates/macros/json/stepName.vm with loader org.apache.velocity.runtime.resource.loader.ClasspathResourceLoader
17:27:27.002 [Test worker] DEBUG org.apache.velocity.macro - added VM includeTags: source=org.apache.velocity.Template@61f6d381
17:27:27.003 [Test worker] DEBUG org.apache.velocity.loader - ResourceManager: found /templates/macros/json/tags.vm with loader org.apache.velocity.runtime.resource.loader.ClasspathResourceLoader
17:27:27.005 [Test worker] DEBUG org.apache.velocity.loader - ResourceManager: found /templates/footer.vm with loader org.apache.velocity.runtime.resource.loader.ClasspathResourceLoader
]]></system-out>
  <system-err><![CDATA[ene. 05, 2024 5:27:25 P. M. net.masterthought.cucumber.ReportParser parseJsonFiles
INFORMACIÓN: File 'C:\Users\Javier.Duran\Documents\Redeban\FASE3\proyectosKarate\HU300CORR\build\karate-reports\Cierres.Cierre_VoucherQA.json' contains 1 feature(s)
]]></system-err>
</testsuite>
